2020-04-12 11:55:58 INFO  ContextLoader:304 - Root WebApplicationContext: initialization started
2020-04-12 11:55:58 INFO  AnnotationConfigWebApplicationContext:583 - Refreshing Root WebApplicationContext: startup date [Sun Apr 12 11:55:58 MSK 2020]; root of context hierarchy
2020-04-12 11:55:58 INFO  AnnotationConfigWebApplicationContext:207 - Registering annotated classes: [class com.config.HibernateConfig]
2020-04-12 11:56:00 INFO  DriverManagerDataSource:133 - Loaded JDBC driver: com.mysql.jdbc.Driver
2020-04-12 11:56:00 INFO  HibernateConfig:33 - Creating Session Factory is done
2020-04-12 11:56:00 INFO  Version:44 - HHH000412: Hibernate ORM core version 5.4.12.Final
2020-04-12 11:56:01 INFO  Version:49 - HCANN000001: Hibernate Commons Annotations {5.1.0.Final}
2020-04-12 11:56:02 INFO  Dialect:172 - HHH000400: Using dialect: org.hibernate.dialect.MySQL5Dialect
2020-04-12 11:56:03 INFO  JtaPlatformInitiator:52 - HHH000490: Using JtaPlatform implementation: [org.hibernate.engine.transaction.jta.platform.internal.NoJtaPlatform]
2020-04-12 11:56:04 INFO  DefaultSecurityFilterChain:43 - Creating filter chain: org.springframework.security.web.util.matcher.AnyRequestMatcher@1, [org.springframework.security.web.context.request.async.WebAsyncManagerIntegrationFilter@1cd364fc, org.springframework.security.web.context.SecurityContextPersistenceFilter@4127d976, org.springframework.security.web.header.HeaderWriterFilter@ed64703, org.springframework.security.web.csrf.CsrfFilter@48164db6, org.springframework.security.web.authentication.logout.LogoutFilter@6efc8417, org.springframework.security.web.authentication.UsernamePasswordAuthenticationFilter@2abaa774, org.springframework.security.web.savedrequest.RequestCacheAwareFilter@202ca174, org.springframework.security.web.servletapi.SecurityContextHolderAwareRequestFilter@3fadfe1f, org.springframework.security.web.authentication.AnonymousAuthenticationFilter@66c517f4, org.springframework.security.web.session.SessionManagementFilter@364c16db, org.springframework.security.web.access.ExceptionTranslationFilter@d5cff1f, org.springframework.security.web.access.intercept.FilterSecurityInterceptor@7ec6804d]
2020-04-12 11:56:04 INFO  RequestMappingHandlerMapping:543 - Mapped "{[/admin/getFilmsFromSite],methods=[GET]}" onto public java.lang.String com.controller.AdminController.getReloadPage(java.lang.String,javax.servlet.http.HttpServletRequest) throws java.lang.Exception
2020-04-12 11:56:04 INFO  RequestMappingHandlerMapping:543 - Mapped "{[/admin/delete/{id}],methods=[GET]}" onto public java.lang.String com.controller.AdminController.deleteFilm(int)
2020-04-12 11:56:04 INFO  RequestMappingHandlerMapping:543 - Mapped "{[/favicon.ico]}" onto void com.controller.FaviconController.favicon()
2020-04-12 11:56:04 INFO  RequestMappingHandlerMapping:543 - Mapped "{[/login],methods=[GET]}" onto public java.lang.String com.controller.LoginRegisterController.loginPage(java.lang.String,java.lang.String,org.springframework.ui.Model)
2020-04-12 11:56:04 INFO  RequestMappingHandlerMapping:543 - Mapped "{[/registration],methods=[POST]}" onto public java.lang.String com.controller.LoginRegisterController.registration(com.entity.UserEntity,org.springframework.validation.BindingResult)
2020-04-12 11:56:04 INFO  RequestMappingHandlerMapping:543 - Mapped "{[/registration],methods=[GET]}" onto public java.lang.String com.controller.LoginRegisterController.registration(org.springframework.ui.Model)
2020-04-12 11:56:04 INFO  RequestMappingHandlerMapping:543 - Mapped "{[/forgotPass],methods=[POST]}" onto public java.lang.String com.controller.LoginRegisterController.forgotPass(com.entity.UserEntity)
2020-04-12 11:56:04 INFO  RequestMappingHandlerMapping:543 - Mapped "{[/],methods=[GET]}" onto public java.lang.String com.controller.LoginRegisterController.defaultPage()
2020-04-12 11:56:04 INFO  RequestMappingHandlerMapping:543 - Mapped "{[/admin**],methods=[GET]}" onto public java.lang.String com.controller.LoginRegisterController.adminPage()
2020-04-12 11:56:04 INFO  RequestMappingHandlerMapping:543 - Mapped "{[/forgotPass],methods=[GET]}" onto public java.lang.String com.controller.LoginRegisterController.forgotPassPage(org.springframework.ui.Model)
2020-04-12 11:56:04 INFO  RequestMappingHandlerMapping:543 - Mapped "{[/403],methods=[GET]}" onto public java.lang.String com.controller.LoginRegisterController.accessDenied(org.springframework.ui.Model)
2020-04-12 11:56:04 INFO  RequestMappingHandlerMapping:543 - Mapped "{[/description/{id}],methods=[GET]}" onto public java.lang.String com.controller.MainController.getDescription(int,org.springframework.ui.Model)
2020-04-12 11:56:04 INFO  RequestMappingHandlerMapping:543 - Mapped "{[/getAllFilmsFromStore],methods=[GET]}" onto public java.lang.String com.controller.MainController.getAllFilmsFromStore(org.springframework.ui.Model,int)
2020-04-12 11:56:04 INFO  RequestMappingHandlerAdapter:534 - Looking for @ControllerAdvice: Root WebApplicationContext: startup date [Sun Apr 12 11:55:58 MSK 2020]; root of context hierarchy
2020-04-12 11:56:04 INFO  HibernateTransactionManager:357 - Using DataSource [org.springframework.jdbc.datasource.DriverManagerDataSource@4c41fd8b] of Hibernate SessionFactory for HibernateTransactionManager
2020-04-12 11:56:04 INFO  ContextLoader:344 - Root WebApplicationContext: initialization completed in 6224 ms
2020-04-12 11:56:04 INFO  DispatcherServlet:489 - FrameworkServlet 'dispatcher': initialization started
2020-04-12 11:56:04 INFO  AnnotationConfigWebApplicationContext:583 - Refreshing WebApplicationContext for namespace 'dispatcher-servlet': startup date [Sun Apr 12 11:56:04 MSK 2020]; parent: Root WebApplicationContext
2020-04-12 11:56:04 INFO  AnnotationConfigWebApplicationContext:207 - Registering annotated classes: [class com.config.WebConfig]
2020-04-12 11:56:06 INFO  DriverManagerDataSource:133 - Loaded JDBC driver: com.mysql.jdbc.Driver
2020-04-12 11:56:06 INFO  HibernateConfig:33 - Creating Session Factory is done
2020-04-12 11:56:06 INFO  Dialect:172 - HHH000400: Using dialect: org.hibernate.dialect.MySQL5Dialect
2020-04-12 11:56:06 INFO  JtaPlatformInitiator:52 - HHH000490: Using JtaPlatform implementation: [org.hibernate.engine.transaction.jta.platform.internal.NoJtaPlatform]
2020-04-12 11:56:06 INFO  DefaultSecurityFilterChain:43 - Creating filter chain: org.springframework.security.web.util.matcher.AnyRequestMatcher@1, [org.springframework.security.web.context.request.async.WebAsyncManagerIntegrationFilter@47814594, org.springframework.security.web.context.SecurityContextPersistenceFilter@3612c05f, org.springframework.security.web.header.HeaderWriterFilter@36ef78e2, org.springframework.security.web.csrf.CsrfFilter@92d5fac, org.springframework.security.web.authentication.logout.LogoutFilter@37f3dc79, org.springframework.security.web.authentication.UsernamePasswordAuthenticationFilter@51065218, org.springframework.security.web.savedrequest.RequestCacheAwareFilter@26c0ead2, org.springframework.security.web.servletapi.SecurityContextHolderAwareRequestFilter@6b25be80, org.springframework.security.web.authentication.AnonymousAuthenticationFilter@2c2371d1, org.springframework.security.web.session.SessionManagementFilter@55a12578, org.springframework.security.web.access.ExceptionTranslationFilter@b736621, org.springframework.security.web.access.intercept.FilterSecurityInterceptor@595a6f21]
2020-04-12 11:56:06 INFO  HibernateTransactionManager:357 - Using DataSource [org.springframework.jdbc.datasource.DriverManagerDataSource@89f6096] of Hibernate SessionFactory for HibernateTransactionManager
2020-04-12 11:56:06 INFO  RequestMappingHandlerMapping:543 - Mapped "{[/admin/getFilmsFromSite],methods=[GET]}" onto public java.lang.String com.controller.AdminController.getReloadPage(java.lang.String,javax.servlet.http.HttpServletRequest) throws java.lang.Exception
2020-04-12 11:56:06 INFO  RequestMappingHandlerMapping:543 - Mapped "{[/admin/delete/{id}],methods=[GET]}" onto public java.lang.String com.controller.AdminController.deleteFilm(int)
2020-04-12 11:56:06 INFO  RequestMappingHandlerMapping:543 - Mapped "{[/favicon.ico]}" onto void com.controller.FaviconController.favicon()
2020-04-12 11:56:06 INFO  RequestMappingHandlerMapping:543 - Mapped "{[/login],methods=[GET]}" onto public java.lang.String com.controller.LoginRegisterController.loginPage(java.lang.String,java.lang.String,org.springframework.ui.Model)
2020-04-12 11:56:06 INFO  RequestMappingHandlerMapping:543 - Mapped "{[/registration],methods=[POST]}" onto public java.lang.String com.controller.LoginRegisterController.registration(com.entity.UserEntity,org.springframework.validation.BindingResult)
2020-04-12 11:56:06 INFO  RequestMappingHandlerMapping:543 - Mapped "{[/registration],methods=[GET]}" onto public java.lang.String com.controller.LoginRegisterController.registration(org.springframework.ui.Model)
2020-04-12 11:56:06 INFO  RequestMappingHandlerMapping:543 - Mapped "{[/forgotPass],methods=[POST]}" onto public java.lang.String com.controller.LoginRegisterController.forgotPass(com.entity.UserEntity)
2020-04-12 11:56:06 INFO  RequestMappingHandlerMapping:543 - Mapped "{[/],methods=[GET]}" onto public java.lang.String com.controller.LoginRegisterController.defaultPage()
2020-04-12 11:56:06 INFO  RequestMappingHandlerMapping:543 - Mapped "{[/admin**],methods=[GET]}" onto public java.lang.String com.controller.LoginRegisterController.adminPage()
2020-04-12 11:56:06 INFO  RequestMappingHandlerMapping:543 - Mapped "{[/forgotPass],methods=[GET]}" onto public java.lang.String com.controller.LoginRegisterController.forgotPassPage(org.springframework.ui.Model)
2020-04-12 11:56:06 INFO  RequestMappingHandlerMapping:543 - Mapped "{[/403],methods=[GET]}" onto public java.lang.String com.controller.LoginRegisterController.accessDenied(org.springframework.ui.Model)
2020-04-12 11:56:06 INFO  RequestMappingHandlerMapping:543 - Mapped "{[/description/{id}],methods=[GET]}" onto public java.lang.String com.controller.MainController.getDescription(int,org.springframework.ui.Model)
2020-04-12 11:56:06 INFO  RequestMappingHandlerMapping:543 - Mapped "{[/getAllFilmsFromStore],methods=[GET]}" onto public java.lang.String com.controller.MainController.getAllFilmsFromStore(org.springframework.ui.Model,int)
2020-04-12 11:56:06 INFO  RequestMappingHandlerAdapter:534 - Looking for @ControllerAdvice: WebApplicationContext for namespace 'dispatcher-servlet': startup date [Sun Apr 12 11:56:04 MSK 2020]; parent: Root WebApplicationContext
2020-04-12 11:56:06 INFO  DispatcherServlet:508 - FrameworkServlet 'dispatcher': initialization completed in 2026 ms
2020-04-12 11:56:17 INFO  SecurityServiceImpl:75 - GetAllPagination Films method was successfully done
2020-04-12 11:56:45 INFO  SecurityServiceImpl:75 - GetAllPagination Films method was successfully done
2020-04-12 11:56:59 INFO  AnnotationConfigWebApplicationContext:984 - Closing WebApplicationContext for namespace 'dispatcher-servlet': startup date [Sun Apr 12 11:56:04 MSK 2020]; parent: Root WebApplicationContext
2020-04-12 11:56:59 INFO  AnnotationConfigWebApplicationContext:984 - Closing Root WebApplicationContext: startup date [Sun Apr 12 11:55:58 MSK 2020]; root of context hierarchy
2020-04-12 11:57:11 INFO  ContextLoader:304 - Root WebApplicationContext: initialization started
2020-04-12 11:57:11 INFO  AnnotationConfigWebApplicationContext:583 - Refreshing Root WebApplicationContext: startup date [Sun Apr 12 11:57:11 MSK 2020]; root of context hierarchy
2020-04-12 11:57:11 INFO  AnnotationConfigWebApplicationContext:207 - Registering annotated classes: [class com.config.HibernateConfig]
2020-04-12 11:57:15 INFO  DriverManagerDataSource:133 - Loaded JDBC driver: com.mysql.jdbc.Driver
2020-04-12 11:57:15 INFO  HibernateConfig:33 - Creating Session Factory is done
2020-04-12 11:57:15 INFO  Version:44 - HHH000412: Hibernate ORM core version 5.4.12.Final
2020-04-12 11:57:16 INFO  Version:49 - HCANN000001: Hibernate Commons Annotations {5.1.0.Final}
2020-04-12 11:57:16 INFO  Dialect:172 - HHH000400: Using dialect: org.hibernate.dialect.MySQL5Dialect
2020-04-12 11:57:18 INFO  JtaPlatformInitiator:52 - HHH000490: Using JtaPlatform implementation: [org.hibernate.engine.transaction.jta.platform.internal.NoJtaPlatform]
2020-04-12 11:57:19 INFO  DefaultSecurityFilterChain:43 - Creating filter chain: org.springframework.security.web.util.matcher.AnyRequestMatcher@1, [org.springframework.security.web.context.request.async.WebAsyncManagerIntegrationFilter@639811a4, org.springframework.security.web.context.SecurityContextPersistenceFilter@bd41f22, org.springframework.security.web.header.HeaderWriterFilter@63d30479, org.springframework.security.web.csrf.CsrfFilter@4354c31f, org.springframework.security.web.authentication.logout.LogoutFilter@bbaf563, org.springframework.security.web.authentication.UsernamePasswordAuthenticationFilter@25943508, org.springframework.security.web.savedrequest.RequestCacheAwareFilter@637fe135, org.springframework.security.web.servletapi.SecurityContextHolderAwareRequestFilter@1170aadb, org.springframework.security.web.authentication.AnonymousAuthenticationFilter@52f955a3, org.springframework.security.web.session.SessionManagementFilter@4dde575e, org.springframework.security.web.access.ExceptionTranslationFilter@490c052a, org.springframework.security.web.access.intercept.FilterSecurityInterceptor@a5756b6]
2020-04-12 11:57:20 INFO  RequestMappingHandlerMapping:543 - Mapped "{[/admin/getFilmsFromSite],methods=[GET]}" onto public java.lang.String com.controller.AdminController.getReloadPage(java.lang.String,javax.servlet.http.HttpServletRequest) throws java.lang.Exception
2020-04-12 11:57:20 INFO  RequestMappingHandlerMapping:543 - Mapped "{[/admin/delete/{id}],methods=[GET]}" onto public java.lang.String com.controller.AdminController.deleteFilm(int)
2020-04-12 11:57:20 INFO  RequestMappingHandlerMapping:543 - Mapped "{[/favicon.ico]}" onto void com.controller.FaviconController.favicon()
2020-04-12 11:57:20 INFO  RequestMappingHandlerMapping:543 - Mapped "{[/registration],methods=[POST]}" onto public java.lang.String com.controller.LoginRegisterController.registration(com.entity.UserEntity,org.springframework.validation.BindingResult)
2020-04-12 11:57:20 INFO  RequestMappingHandlerMapping:543 - Mapped "{[/registration],methods=[GET]}" onto public java.lang.String com.controller.LoginRegisterController.registration(org.springframework.ui.Model)
2020-04-12 11:57:20 INFO  RequestMappingHandlerMapping:543 - Mapped "{[/login],methods=[GET]}" onto public java.lang.String com.controller.LoginRegisterController.loginPage(java.lang.String,java.lang.String,org.springframework.ui.Model)
2020-04-12 11:57:20 INFO  RequestMappingHandlerMapping:543 - Mapped "{[/forgotPass],methods=[POST]}" onto public java.lang.String com.controller.LoginRegisterController.forgotPass(com.entity.UserEntity)
2020-04-12 11:57:20 INFO  RequestMappingHandlerMapping:543 - Mapped "{[/],methods=[GET]}" onto public java.lang.String com.controller.LoginRegisterController.defaultPage()
2020-04-12 11:57:20 INFO  RequestMappingHandlerMapping:543 - Mapped "{[/admin**],methods=[GET]}" onto public java.lang.String com.controller.LoginRegisterController.adminPage()
2020-04-12 11:57:20 INFO  RequestMappingHandlerMapping:543 - Mapped "{[/forgotPass],methods=[GET]}" onto public java.lang.String com.controller.LoginRegisterController.forgotPassPage(org.springframework.ui.Model)
2020-04-12 11:57:20 INFO  RequestMappingHandlerMapping:543 - Mapped "{[/403],methods=[GET]}" onto public java.lang.String com.controller.LoginRegisterController.accessDenied(org.springframework.ui.Model)
2020-04-12 11:57:20 INFO  RequestMappingHandlerMapping:543 - Mapped "{[/description/{id}],methods=[GET]}" onto public java.lang.String com.controller.MainController.getDescription(int,org.springframework.ui.Model)
2020-04-12 11:57:20 INFO  RequestMappingHandlerMapping:543 - Mapped "{[/getAllFilmsFromStore],methods=[GET]}" onto public java.lang.String com.controller.MainController.getAllFilmsFromStore(org.springframework.ui.Model,int)
2020-04-12 11:57:20 INFO  RequestMappingHandlerAdapter:534 - Looking for @ControllerAdvice: Root WebApplicationContext: startup date [Sun Apr 12 11:57:11 MSK 2020]; root of context hierarchy
2020-04-12 11:57:20 INFO  HibernateTransactionManager:357 - Using DataSource [org.springframework.jdbc.datasource.DriverManagerDataSource@228381c2] of Hibernate SessionFactory for HibernateTransactionManager
2020-04-12 11:57:20 INFO  ContextLoader:344 - Root WebApplicationContext: initialization completed in 9465 ms
2020-04-12 11:57:20 INFO  DispatcherServlet:489 - FrameworkServlet 'dispatcher': initialization started
2020-04-12 11:57:20 INFO  AnnotationConfigWebApplicationContext:583 - Refreshing WebApplicationContext for namespace 'dispatcher-servlet': startup date [Sun Apr 12 11:57:20 MSK 2020]; parent: Root WebApplicationContext
2020-04-12 11:57:20 INFO  AnnotationConfigWebApplicationContext:207 - Registering annotated classes: [class com.config.WebConfig]
2020-04-12 11:57:22 INFO  DriverManagerDataSource:133 - Loaded JDBC driver: com.mysql.jdbc.Driver
2020-04-12 11:57:22 INFO  HibernateConfig:33 - Creating Session Factory is done
2020-04-12 11:57:22 INFO  Dialect:172 - HHH000400: Using dialect: org.hibernate.dialect.MySQL5Dialect
2020-04-12 11:57:22 INFO  JtaPlatformInitiator:52 - HHH000490: Using JtaPlatform implementation: [org.hibernate.engine.transaction.jta.platform.internal.NoJtaPlatform]
2020-04-12 11:57:23 INFO  DefaultSecurityFilterChain:43 - Creating filter chain: org.springframework.security.web.util.matcher.AnyRequestMatcher@1, [org.springframework.security.web.context.request.async.WebAsyncManagerIntegrationFilter@667d8178, org.springframework.security.web.context.SecurityContextPersistenceFilter@8bae9a7, org.springframework.security.web.header.HeaderWriterFilter@6ee08493, org.springframework.security.web.csrf.CsrfFilter@585a0dc3, org.springframework.security.web.authentication.logout.LogoutFilter@6c392762, org.springframework.security.web.authentication.UsernamePasswordAuthenticationFilter@313ed2c9, org.springframework.security.web.savedrequest.RequestCacheAwareFilter@30e47719, org.springframework.security.web.servletapi.SecurityContextHolderAwareRequestFilter@5acaa98a, org.springframework.security.web.authentication.AnonymousAuthenticationFilter@75282172, org.springframework.security.web.session.SessionManagementFilter@86d861, org.springframework.security.web.access.ExceptionTranslationFilter@7ba869c0, org.springframework.security.web.access.intercept.FilterSecurityInterceptor@a70b280]
2020-04-12 11:57:23 INFO  HibernateTransactionManager:357 - Using DataSource [org.springframework.jdbc.datasource.DriverManagerDataSource@37507472] of Hibernate SessionFactory for HibernateTransactionManager
2020-04-12 11:57:23 INFO  RequestMappingHandlerMapping:543 - Mapped "{[/admin/getFilmsFromSite],methods=[GET]}" onto public java.lang.String com.controller.AdminController.getReloadPage(java.lang.String,javax.servlet.http.HttpServletRequest) throws java.lang.Exception
2020-04-12 11:57:23 INFO  RequestMappingHandlerMapping:543 - Mapped "{[/admin/delete/{id}],methods=[GET]}" onto public java.lang.String com.controller.AdminController.deleteFilm(int)
2020-04-12 11:57:23 INFO  RequestMappingHandlerMapping:543 - Mapped "{[/favicon.ico]}" onto void com.controller.FaviconController.favicon()
2020-04-12 11:57:23 INFO  RequestMappingHandlerMapping:543 - Mapped "{[/registration],methods=[POST]}" onto public java.lang.String com.controller.LoginRegisterController.registration(com.entity.UserEntity,org.springframework.validation.BindingResult)
2020-04-12 11:57:23 INFO  RequestMappingHandlerMapping:543 - Mapped "{[/registration],methods=[GET]}" onto public java.lang.String com.controller.LoginRegisterController.registration(org.springframework.ui.Model)
2020-04-12 11:57:23 INFO  RequestMappingHandlerMapping:543 - Mapped "{[/login],methods=[GET]}" onto public java.lang.String com.controller.LoginRegisterController.loginPage(java.lang.String,java.lang.String,org.springframework.ui.Model)
2020-04-12 11:57:23 INFO  RequestMappingHandlerMapping:543 - Mapped "{[/forgotPass],methods=[POST]}" onto public java.lang.String com.controller.LoginRegisterController.forgotPass(com.entity.UserEntity)
2020-04-12 11:57:23 INFO  RequestMappingHandlerMapping:543 - Mapped "{[/],methods=[GET]}" onto public java.lang.String com.controller.LoginRegisterController.defaultPage()
2020-04-12 11:57:23 INFO  RequestMappingHandlerMapping:543 - Mapped "{[/admin**],methods=[GET]}" onto public java.lang.String com.controller.LoginRegisterController.adminPage()
2020-04-12 11:57:23 INFO  RequestMappingHandlerMapping:543 - Mapped "{[/forgotPass],methods=[GET]}" onto public java.lang.String com.controller.LoginRegisterController.forgotPassPage(org.springframework.ui.Model)
2020-04-12 11:57:23 INFO  RequestMappingHandlerMapping:543 - Mapped "{[/403],methods=[GET]}" onto public java.lang.String com.controller.LoginRegisterController.accessDenied(org.springframework.ui.Model)
2020-04-12 11:57:23 INFO  RequestMappingHandlerMapping:543 - Mapped "{[/description/{id}],methods=[GET]}" onto public java.lang.String com.controller.MainController.getDescription(int,org.springframework.ui.Model)
2020-04-12 11:57:23 INFO  RequestMappingHandlerMapping:543 - Mapped "{[/getAllFilmsFromStore],methods=[GET]}" onto public java.lang.String com.controller.MainController.getAllFilmsFromStore(org.springframework.ui.Model,int)
2020-04-12 11:57:23 INFO  RequestMappingHandlerAdapter:534 - Looking for @ControllerAdvice: WebApplicationContext for namespace 'dispatcher-servlet': startup date [Sun Apr 12 11:57:20 MSK 2020]; parent: Root WebApplicationContext
2020-04-12 11:57:23 INFO  DispatcherServlet:508 - FrameworkServlet 'dispatcher': initialization completed in 3163 ms
2020-04-12 11:58:06 INFO  AnnotationConfigWebApplicationContext:984 - Closing WebApplicationContext for namespace 'dispatcher-servlet': startup date [Sun Apr 12 11:57:20 MSK 2020]; parent: Root WebApplicationContext
2020-04-12 11:58:06 INFO  AnnotationConfigWebApplicationContext:984 - Closing Root WebApplicationContext: startup date [Sun Apr 12 11:57:11 MSK 2020]; root of context hierarchy
2020-04-12 11:58:20 INFO  ContextLoader:304 - Root WebApplicationContext: initialization started
2020-04-12 11:58:20 INFO  AnnotationConfigWebApplicationContext:583 - Refreshing Root WebApplicationContext: startup date [Sun Apr 12 11:58:20 MSK 2020]; root of context hierarchy
2020-04-12 11:58:20 INFO  AnnotationConfigWebApplicationContext:207 - Registering annotated classes: [class com.config.HibernateConfig]
2020-04-12 11:58:22 INFO  DriverManagerDataSource:133 - Loaded JDBC driver: com.mysql.jdbc.Driver
2020-04-12 11:58:22 INFO  HibernateConfig:33 - Creating Session Factory is done
2020-04-12 11:58:22 INFO  Version:44 - HHH000412: Hibernate ORM core version 5.4.12.Final
2020-04-12 11:58:23 INFO  Version:49 - HCANN000001: Hibernate Commons Annotations {5.1.0.Final}
2020-04-12 11:58:23 INFO  Dialect:172 - HHH000400: Using dialect: org.hibernate.dialect.MySQL5Dialect
2020-04-12 11:58:25 INFO  JtaPlatformInitiator:52 - HHH000490: Using JtaPlatform implementation: [org.hibernate.engine.transaction.jta.platform.internal.NoJtaPlatform]
2020-04-12 11:58:35 INFO  DefaultSecurityFilterChain:43 - Creating filter chain: org.springframework.security.web.util.matcher.AnyRequestMatcher@1, [org.springframework.security.web.context.request.async.WebAsyncManagerIntegrationFilter@7c7a5b5e, org.springframework.security.web.context.SecurityContextPersistenceFilter@273b4ed6, org.springframework.security.web.header.HeaderWriterFilter@76177666, org.springframework.security.web.csrf.CsrfFilter@1d5996f9, org.springframework.security.web.authentication.logout.LogoutFilter@634dbaf0, org.springframework.security.web.authentication.UsernamePasswordAuthenticationFilter@4dc8330a, org.springframework.security.web.savedrequest.RequestCacheAwareFilter@49a82920, org.springframework.security.web.servletapi.SecurityContextHolderAwareRequestFilter@7cd779ad, org.springframework.security.web.authentication.AnonymousAuthenticationFilter@5d23401a, org.springframework.security.web.session.SessionManagementFilter@53d3cd86, org.springframework.security.web.access.ExceptionTranslationFilter@5b16fcf7, org.springframework.security.web.access.intercept.FilterSecurityInterceptor@7b72559a]
2020-04-12 11:58:38 INFO  RequestMappingHandlerMapping:543 - Mapped "{[/admin/getFilmsFromSite],methods=[GET]}" onto public java.lang.String com.controller.AdminController.getReloadPage(java.lang.String,javax.servlet.http.HttpServletRequest) throws java.lang.Exception
2020-04-12 11:58:38 INFO  RequestMappingHandlerMapping:543 - Mapped "{[/admin/delete/{id}],methods=[GET]}" onto public java.lang.String com.controller.AdminController.deleteFilm(int)
2020-04-12 11:58:38 INFO  RequestMappingHandlerMapping:543 - Mapped "{[/favicon.ico]}" onto void com.controller.FaviconController.favicon()
2020-04-12 11:58:38 INFO  RequestMappingHandlerMapping:543 - Mapped "{[/login],methods=[GET]}" onto public java.lang.String com.controller.LoginRegisterController.loginPage(java.lang.String,java.lang.String,org.springframework.ui.Model)
2020-04-12 11:58:38 INFO  RequestMappingHandlerMapping:543 - Mapped "{[/registration],methods=[POST]}" onto public java.lang.String com.controller.LoginRegisterController.registration(com.entity.UserEntity,org.springframework.validation.BindingResult)
2020-04-12 11:58:38 INFO  RequestMappingHandlerMapping:543 - Mapped "{[/registration],methods=[GET]}" onto public java.lang.String com.controller.LoginRegisterController.registration(org.springframework.ui.Model)
2020-04-12 11:58:38 INFO  RequestMappingHandlerMapping:543 - Mapped "{[/forgotPass],methods=[POST]}" onto public java.lang.String com.controller.LoginRegisterController.forgotPass(com.entity.UserEntity)
2020-04-12 11:58:38 INFO  RequestMappingHandlerMapping:543 - Mapped "{[/],methods=[GET]}" onto public java.lang.String com.controller.LoginRegisterController.defaultPage()
2020-04-12 11:58:38 INFO  RequestMappingHandlerMapping:543 - Mapped "{[/admin**],methods=[GET]}" onto public java.lang.String com.controller.LoginRegisterController.adminPage()
2020-04-12 11:58:38 INFO  RequestMappingHandlerMapping:543 - Mapped "{[/forgotPass],methods=[GET]}" onto public java.lang.String com.controller.LoginRegisterController.forgotPassPage(org.springframework.ui.Model)
2020-04-12 11:58:38 INFO  RequestMappingHandlerMapping:543 - Mapped "{[/403],methods=[GET]}" onto public java.lang.String com.controller.LoginRegisterController.accessDenied(org.springframework.ui.Model)
2020-04-12 11:58:38 INFO  RequestMappingHandlerMapping:543 - Mapped "{[/description/{id}],methods=[GET]}" onto public java.lang.String com.controller.MainController.getDescription(int,org.springframework.ui.Model)
2020-04-12 11:58:38 INFO  RequestMappingHandlerMapping:543 - Mapped "{[/getAllFilmsFromStore],methods=[GET]}" onto public java.lang.String com.controller.MainController.getAllFilmsFromStore(org.springframework.ui.Model,int)
2020-04-12 11:58:40 INFO  RequestMappingHandlerAdapter:534 - Looking for @ControllerAdvice: Root WebApplicationContext: startup date [Sun Apr 12 11:58:20 MSK 2020]; root of context hierarchy
2020-04-12 11:58:43 INFO  HibernateTransactionManager:357 - Using DataSource [org.springframework.jdbc.datasource.DriverManagerDataSource@7793eb19] of Hibernate SessionFactory for HibernateTransactionManager
2020-04-12 11:58:44 INFO  ContextLoader:344 - Root WebApplicationContext: initialization completed in 24533 ms
2020-04-12 11:58:45 INFO  DispatcherServlet:489 - FrameworkServlet 'dispatcher': initialization started
2020-04-12 11:58:45 INFO  AnnotationConfigWebApplicationContext:583 - Refreshing WebApplicationContext for namespace 'dispatcher-servlet': startup date [Sun Apr 12 11:58:45 MSK 2020]; parent: Root WebApplicationContext
2020-04-12 11:58:45 INFO  AnnotationConfigWebApplicationContext:207 - Registering annotated classes: [class com.config.WebConfig]
2020-04-12 11:59:11 INFO  DriverManagerDataSource:133 - Loaded JDBC driver: com.mysql.jdbc.Driver
2020-04-12 11:59:11 INFO  HibernateConfig:33 - Creating Session Factory is done
2020-04-12 11:59:12 INFO  Dialect:172 - HHH000400: Using dialect: org.hibernate.dialect.MySQL5Dialect
2020-04-12 11:59:14 INFO  JtaPlatformInitiator:52 - HHH000490: Using JtaPlatform implementation: [org.hibernate.engine.transaction.jta.platform.internal.NoJtaPlatform]
2020-04-12 11:59:16 INFO  DefaultSecurityFilterChain:43 - Creating filter chain: org.springframework.security.web.util.matcher.AnyRequestMatcher@1, [org.springframework.security.web.context.request.async.WebAsyncManagerIntegrationFilter@48448891, org.springframework.security.web.context.SecurityContextPersistenceFilter@1b1633d, org.springframework.security.web.header.HeaderWriterFilter@fc34361, org.springframework.security.web.csrf.CsrfFilter@729ff716, org.springframework.security.web.authentication.logout.LogoutFilter@115bd57a, org.springframework.security.web.authentication.UsernamePasswordAuthenticationFilter@79311bc9, org.springframework.security.web.savedrequest.RequestCacheAwareFilter@50ceb27c, org.springframework.security.web.servletapi.SecurityContextHolderAwareRequestFilter@45832b4f, org.springframework.security.web.authentication.AnonymousAuthenticationFilter@9aa1b56, org.springframework.security.web.session.SessionManagementFilter@c1b12ef, org.springframework.security.web.access.ExceptionTranslationFilter@44d2bf88, org.springframework.security.web.access.intercept.FilterSecurityInterceptor@2dbb8c45]
2020-04-12 11:59:16 INFO  HibernateTransactionManager:357 - Using DataSource [org.springframework.jdbc.datasource.DriverManagerDataSource@6570d5aa] of Hibernate SessionFactory for HibernateTransactionManager
2020-04-12 11:59:16 INFO  RequestMappingHandlerMapping:543 - Mapped "{[/admin/getFilmsFromSite],methods=[GET]}" onto public java.lang.String com.controller.AdminController.getReloadPage(java.lang.String,javax.servlet.http.HttpServletRequest) throws java.lang.Exception
2020-04-12 11:59:16 INFO  RequestMappingHandlerMapping:543 - Mapped "{[/admin/delete/{id}],methods=[GET]}" onto public java.lang.String com.controller.AdminController.deleteFilm(int)
2020-04-12 11:59:16 INFO  RequestMappingHandlerMapping:543 - Mapped "{[/favicon.ico]}" onto void com.controller.FaviconController.favicon()
2020-04-12 11:59:17 INFO  RequestMappingHandlerMapping:543 - Mapped "{[/login],methods=[GET]}" onto public java.lang.String com.controller.LoginRegisterController.loginPage(java.lang.String,java.lang.String,org.springframework.ui.Model)
2020-04-12 11:59:17 INFO  RequestMappingHandlerMapping:543 - Mapped "{[/registration],methods=[POST]}" onto public java.lang.String com.controller.LoginRegisterController.registration(com.entity.UserEntity,org.springframework.validation.BindingResult)
2020-04-12 11:59:17 INFO  RequestMappingHandlerMapping:543 - Mapped "{[/registration],methods=[GET]}" onto public java.lang.String com.controller.LoginRegisterController.registration(org.springframework.ui.Model)
2020-04-12 11:59:17 INFO  RequestMappingHandlerMapping:543 - Mapped "{[/forgotPass],methods=[POST]}" onto public java.lang.String com.controller.LoginRegisterController.forgotPass(com.entity.UserEntity)
2020-04-12 11:59:17 INFO  RequestMappingHandlerMapping:543 - Mapped "{[/],methods=[GET]}" onto public java.lang.String com.controller.LoginRegisterController.defaultPage()
2020-04-12 11:59:17 INFO  RequestMappingHandlerMapping:543 - Mapped "{[/admin**],methods=[GET]}" onto public java.lang.String com.controller.LoginRegisterController.adminPage()
2020-04-12 11:59:17 INFO  RequestMappingHandlerMapping:543 - Mapped "{[/forgotPass],methods=[GET]}" onto public java.lang.String com.controller.LoginRegisterController.forgotPassPage(org.springframework.ui.Model)
2020-04-12 11:59:17 INFO  RequestMappingHandlerMapping:543 - Mapped "{[/403],methods=[GET]}" onto public java.lang.String com.controller.LoginRegisterController.accessDenied(org.springframework.ui.Model)
2020-04-12 11:59:17 INFO  RequestMappingHandlerMapping:543 - Mapped "{[/description/{id}],methods=[GET]}" onto public java.lang.String com.controller.MainController.getDescription(int,org.springframework.ui.Model)
2020-04-12 11:59:17 INFO  RequestMappingHandlerMapping:543 - Mapped "{[/getAllFilmsFromStore],methods=[GET]}" onto public java.lang.String com.controller.MainController.getAllFilmsFromStore(org.springframework.ui.Model,int)
2020-04-12 11:59:17 INFO  RequestMappingHandlerAdapter:534 - Looking for @ControllerAdvice: WebApplicationContext for namespace 'dispatcher-servlet': startup date [Sun Apr 12 11:58:45 MSK 2020]; parent: Root WebApplicationContext
2020-04-12 11:59:19 INFO  DispatcherServlet:508 - FrameworkServlet 'dispatcher': initialization completed in 34132 ms
2020-04-12 12:00:06 INFO  SecurityServiceImpl:75 - GetAllPagination Films method was successfully done
2020-04-12 12:00:40 INFO  SecurityServiceImpl:22 - Film was parsed. Film details = Film{, link='https://kinogo.by/24469-glavnoe-sobytie.html', name='??????? ???????', description='????????????????? ??? ??????? ??????? ????? ?????? WWE. ?? ????????? ?? ?? ?????, ?? ? ????????? ? ????? ??? ????????? ???????. ???????? ?? ????????????? ???????? ? ????????? ???, ??? ?????????? ? ??????????? ???, ??? ???????????? ?????? ????? ??? ??????. ???????? ???????, ??????? ? ?????????? ????????, ??? ???? ?????????? ???????, ?????? ? ????? ???????, ? ?????? ????? ???????????? ?? ????? ?????? ??????????. ??? ???????: 2020 ??????: ???, ??????? ????: ??????, ??????? ????????: WEB-DLRip ???????: ????????????? ?????????????????: 101 ???. / 01:41 ????????: 10 ?????? 2020', year='2020', country=[???, ???????], type=[??????, ???????], quality='WEB-DLRip', translation='?????????????', continuance='101 ???. / 01:41', date='10 ?????? 2020'}
2020-04-12 12:00:40 INFO  SecurityServiceImpl:22 - Film was parsed. Film details = Film{, link='https://kinogo.by/23456-gretel-hansel_2020__08-04.html', name='??????? ? ???????', description='?????-?? ????? ? ????? ??????????? ??????? ???????? ?????????? ??????. ?????? ????? ???, ????? ???, ? ???? ?? ???? ???????? ?? ?????. ??????? ? ??????? - ???? ?????? ? ???? ??? ?????? ??????????? ? ??? ?????? ?????? ? ??????????. ???? ?? ????? ?? ?????? ?????????, ? ???? ????????, ???????????, ??? ??????????? ?????? ??????. ??? ???? ? ??????? ????? ???? ?? ????? ? ????? ??????? ????, ? ??????? ?? ???? ???????. ??? ????? ?????????????, ???? ??????? ???? ??? ?? ???? ????????? ?????? ????? ? ????? ? ??????. ?? ?????????? ??? ???????: 2020 ??????: ????????, ??????, ??? ????: ???????, ????? ????????: WEB-DLRip ? ???????: ????????????? ? ?????????????????: 87 ???. / 01:27 ????????: 30 ?????? 2020', year='2020', country=[????????, ??????, ???], type=[???????, ?????], quality='WEB-DLRip', translation='?????????????', continuance='87 ???. / 01:27', date='30 ?????? 2020'}
2020-04-12 12:00:40 INFO  SecurityServiceImpl:22 - Film was parsed. Film details = Film{, link='https://kinogo.by/23459-led-2.html', name='??? 2', description='??? ? ??????? ? ???? ????????? ???????? ????? ? ??? ????????????? ? ???, ??? ??????? ????? ?????? ? ??????? ??? ????? ????????????? ??????. ????? ??????? ?????????????? ?????? ???????????, ?? ???-???? ??????? ????????? ????? ? ?????????? ? ?????? ???? ???????? ??????????, ????????????? ? ???? ????? ???? ?? ????? ????? ???????????. ??????? ? ????? ??????? ????????? ???????? ? ??????? ??????, ??? ???????? ??????????? ???????? ?? ???. ?? ? ?????? ?? ?? ???? ?????? ?????: ?????????? ??????????? ? ????? ???? ?????? ?? ????? ??? ???????: 2020 ??????: ?????? ????: ?????, ??????????, ????????? ????????: WEB-DLRip ? ???????: ???????? ? ?????????????????: 130 ???. / 02:10 ????????: 14 ??????? 2020', year='2020', country=[??????], type=[?????, ??????????, ?????????], quality='WEB-DLRip', translation='????????', continuance='130 ???. / 02:10', date='14 ??????? 2020'}
2020-04-12 12:00:41 INFO  SecurityServiceImpl:22 - Film was parsed. Film details = Film{, link='https://kinogo.by/23952-onward_2020.html', name='??????', description='??????? ??????????? ????????? ??? ? ???, ?????????? ???????????? ??????????. ????? ??? ??? ????????? ????? ???????????? ??????, ?? ???????? ????????? ? ???????????? ???? ????????? ?????????, ??? ? ???????? ????? ???, ?????, ??????? ? ?????? ???????? ?????? ????? ????? ???????? ?????????. ?????? ????? ?????????? ??????????, ???????? ? ????????, ?? ??????????? ?? ???????? ?????. ????? ?? ? ????? ??????? ???????? ?????? ?????? ????????? ????, ? ??????? ?? ????????? ?? ????? ??????????, ????????? ?? ????? ??????? ??? ? ?????, ??? ???????: 2020 ??????: ??? ????: ??????????? ????????: WEB-DLRip ? ???????: ????????????? ? ?????????????????: 102 ???. / 01:42 ????????: 21 ??????? 2020', year='2020', country=[???], type=[???????????], quality='WEB-DLRip', translation='?????????????', continuance='102 ???. / 01:42', date='21 ??????? 2020'}
2020-04-12 12:00:41 INFO  SecurityServiceImpl:22 - Film was parsed. Film details = Film{, link='https://kinogo.by/23087-the-grudge_2020.html', name='?????????', description='??????? ??????????? ?????? ????????? ?????? ???????????? ???????, ??????? ? ???? ?????????? ???? ??????????? ???????-?????????. ??????? ??????? ????????? ?? ???????? ????, ? ?????? ????????? ???????????? ??????, ????? ?????? ???????????? ????????? ???? ??????? ???? ????????? ?????? ????????. ?????? ???????? ???????? ???????????? ?? ?????? ? ???????? ??????? ? ???? ????????? ??????? ????, ??? ??????????? ???????????? ? ??????????????? ???????. ????? ?????? ???. ????????? ?????????? ???????????? ?? ????????? ?????????????. ??? ???????: 2020 ??????: ??????, ??? ????: ????? ????????: WEB-DLRip ? ???????: ????????????? ? ?????????????????: 93 ???. / 01:33 ????????: 16 ?????? 2020', year='2020', country=[??????, ???], type=[?????], quality='WEB-DLRip', translation='?????????????', continuance='93 ???. / 01:33', date='16 ?????? 2020'}
2020-04-12 12:00:41 INFO  SecurityServiceImpl:22 - Film was parsed. Film details = Film{, link='https://kinogo.by/23095-birds-of-prey_2020.html', name='?????? ?????', description='???????? ??????????????? ?????? ??????? ??????, ??????????? ?? ??????????? ???????? ???????? DC, ?????????? ????? ?? ????? ???????, ?????????? ? ??????? ?????? ??????????. ??????? ???????? ??????, ??????, ???????? ????????, ???????? ?????-???? ???????????? ?? ????????????. ??? ????????? ????????? ???????????? ????????? ?????? ?????????? ??????? ??? ???????? ?????? ? ??????? ?????????????. ??????????????? ?????? ?? ?????? ? ?????????? ????. ???????????? ? ???? ????? ????? ???????? ???????. ?????-?? ??? ???? ???????? ??? ???????: 2020 ??????: ??? ????: ??????, ????????, ??????????? ????????: WEB-DLRip ? ???????: ????????????? ? ?????????????????: 120 ???. / 02:00 ????????: 6 ??????? 2020', year='2020', country=[???], type=[??????, ????????, ???????????], quality='WEB-DLRip', translation='?????????????', continuance='120 ???. / 02:00', date='6 ??????? 2020'}
2020-04-12 12:00:41 INFO  SecurityServiceImpl:22 - Film was parsed. Film details = Film{, link='https://kinogo.by/23872-yaga-koshmar-temnogo-lesa.html', name='???. ?????? ??????? ????', description='? ?????? ?????? - ??????? ?????, ??????? ????????? ? ????? ???????? ?? ??????? ??????. ??????? ??? ??? ????????????? ?????? ???? ?????? ????? ? ???????. ?????? ??????? ???????, ????, ???????????? ? ???????? ????????? ???????, ?? ???????? ??? ?? ?????. ?????? ??????????, ????????????? ????? ??? ??????????, ???? ???????????? - ??? ? ???????. ? ??? ??????? ????, ?????????? ?????, ?? ??????? ??????? ?????? ?? ????, ?? ????????? ??????, ? ???????? ????????? ? ???????? ?????? ? ???? ?? ??????, ??? ? ??? ???? ????. ????? ???? ??? ???????: 2020 ??????: ?????? ????: ????? ????????: WEB-DLRip ? ???????: ???????? ? ?????????????????: 97 ???. / 01:37 ????????: 1 ????? 2020', year='2020', country=[??????], type=[?????], quality='WEB-DLRip', translation='????????', continuance='97 ???. / 01:37', date='1 ????? 2020'}
2020-04-12 12:00:41 INFO  SecurityServiceImpl:22 - Film was parsed. Film details = Film{, link='https://kinogo.by/23680-belgrad.html', name='????? ?????????', description='????, ???????? ???????? ? ?????????, - ?????? ??????????????? ????? ? ????????. ?? ?????, ?? ???? ???, ???? ??????? ?????????? ???????? ?? ?????? ????? - ???????????????! - ???????????? ?????????????-???????. ? ?????? ????? ???????????? ???? ?????????? ???? ???????? ?? ????? ?????. ??????? ???????? ????? ?????????? ? ??????? ? ??????????? ?????????, ????? ???? ????? ????????????? ??????? ?????????? ???????????? ? ?????, ????? ??????? ???????. ? ??????????? ????????? ???????? ?????? ??????? ????? ???? ?????? ????????? ??? ???????: 2020 ??????: ?????? ????: ??????? ????????: WEB-DLRip ? ???????: ???????? ? ?????????????????: 87 ???. / 01:27 ????????: 5 ????? 2020', year='2020', country=[??????], type=[???????], quality='WEB-DLRip', translation='????????', continuance='87 ???. / 01:27', date='5 ????? 2020'}
2020-04-12 12:00:41 INFO  SecurityServiceImpl:22 - Film was parsed. Film details = Film{, link='https://kinogo.by/23123-the-gentlemen_2020.html', name='???????????', description='??????? ????? ?????? ????????????? ???????????? ??????????? ? ??????? ??????????? ??????, ??????? ?????????? ????? ? ????????. ?? ????????? ? ????? ??????? ?????????? ???????? ? ???????. ???????? ????? ????????????? ????????? ???? ???????? ??? ????????? ????? ? ??????????. ??????? ??????? ???????????????????, ????????? ? ???????????????? ?? ??? ??????, ??? ?????? ??????? ????????? ?????????????? ?????????? ? ????? ??? ???? ????? ????? ?? ???. ????? ???? ??????????? ?????????? ????? ????????? ??????? ????? ??? ?????? ??? ???????: 2020 ??????: ??? ????: ??????, ????????, ??????? ????????: WEB-DLRip ? ???????: ????????????? ? ?????????????????: 113 ???. / 01:53 ????????: 1 ?????? 2020', year='2020', country=[???], type=[??????, ????????, ???????], quality='WEB-DLRip', translation='?????????????', continuance='113 ???. / 01:53', date='1 ?????? 2020'}
2020-04-12 12:00:41 INFO  SecurityServiceImpl:22 - Film was parsed. Film details = Film{, link='https://kinogo.by/23220-bloodshot_2020.html', name='???????', description='??????? ????????? ??? ???????? ???????? ???? ????? ???????? ??????????? ??????. ?? ????? ???????? ???? ????? ??????? ???????, ??? ??????? ???????? ?????? ? ??????? ???????????. ????? ??????? ??????? ???? ??? ????? ??????? ????, ??????? ????????? ???????? ??? ? ??????? ? ???????. ???????? ??, ?????? ?????????, ?? ??????? ????????? ??????????? ???????, ??????? ? ?????? ????????? ???????? ???????? ????????????? ????????? ?????????. ???????? ????? ??????? ???????????? ? ??? ? ??????? ?????, ?? ??????????? ?? ?????? ??? ???????: 2020 ??????: ??? ????: ??????, ??????????, ????? ????????: WEB-DLRip ? ???????: ????????????? ? ?????????????????: 120 ???. / 02:00 ????????: 19 ??????? 2020', year='2020', country=[???], type=[??????, ??????????, ?????], quality='WEB-DLRip', translation='?????????????', continuance='120 ???. / 02:00', date='19 ??????? 2020'}
2020-04-12 12:00:41 INFO  SecurityServiceImpl:22 - Film was parsed. Film details = Film{, link='https://kinogo.by/23794-the-call-of-the-wild_2020.html', name='??? ???????', description='??????????? ???????????????? ?????? ????? ??????? ? ?????? ??? ????, ???????? ?? ????????? ?????????? ? ?????????? ??????. ???????? ?????? "???? ???????" ??? ??? ? ???? ?????? ???????? ??????? ????? ?????? ?? ????????? ?? ??????. ??? ?????????? ??????? ? ??????? ???????? ?????? ? ???????? ? ????????? ???????????? ???????????. ???????, ?????????? ? ?????? ???????, ??????????????? ?? ??????? ??????? ????????? ? 1880-?. ??????? ????? ? ?? ??? ???? ???????????, ??? ??????? ??? ????? ???????????? ? ??? ?? ??????. ?????? ? ??? ???????: 2020 ??????: ??? ????: ?????, ??????????? ????????: WEB-DLRip ? ???????: ????????????? ? ?????????????????: 100 ???. / 01:40 ????????: 19 ??????? 2020', year='2020', country=[???], type=[?????, ???????????], quality='WEB-DLRip', translation='?????????????', continuance='100 ???. / 01:40', date='19 ??????? 2020'}
2020-04-12 12:00:41 INFO  SecurityServiceImpl:22 - Film was parsed. Film details = Film{, link='https://kinogo.by/23184-underwater_2020.html', name='??? ?????', description='??????? ?????? ??????????? ?? ????????? ??????? ???? ??? ???????? ???? ???????? ??????. ??? ???? ????????? ??? ????? ?? ??????? ?????????? ?????????? ? ?? ?????? ?????????? ?? ????. ? ??????? ?????? ??????? ?????? ????? ????? ???????. ???????, ??? ??? ????? ?? ?????? ???? ??????, ???? ??? ??????? ????????, ??????? ?????????????. ????? ????? ?????? ?? ??????????, ? ???????????? ??????? - ???? ??????. ?? ????? ?????? ?????? ?? ????? ???? ???? ?????????? ? ??????? ??? ?????? ???????. ????? ????????? ?????? ? ???? ????????, ??? ???????: 2020 ??????: ??? ????: ??????, ????? ????????: WEB-DLRip ? ???????: ????????????? ? ?????????????????: 95 ???. / 01:35 ????????: 7 ?????? 2020', year='2020', country=[???], type=[??????, ?????], quality='WEB-DLRip', translation='?????????????', continuance='95 ???. / 01:35', date='7 ?????? 2020'}
2020-04-12 12:01:10 INFO  SecurityServiceImpl:63 - Film was saved. Film details = com.entity.FilmEntity@4a88a8d5
2020-04-12 12:01:10 INFO  SecurityServiceImpl:63 - Film was saved. Film details = com.entity.FilmEntity@6f905de1
2020-04-12 12:01:10 INFO  SecurityServiceImpl:63 - Film was saved. Film details = com.entity.FilmEntity@5f212c20
2020-04-12 12:01:11 INFO  SecurityServiceImpl:63 - Film was saved. Film details = com.entity.FilmEntity@33047f06
2020-04-12 12:01:11 INFO  SecurityServiceImpl:63 - Film was saved. Film details = com.entity.FilmEntity@53bf2e00
2020-04-12 12:01:11 INFO  SecurityServiceImpl:63 - Film was saved. Film details = com.entity.FilmEntity@63c4d311
2020-04-12 12:01:12 INFO  SecurityServiceImpl:63 - Film was saved. Film details = com.entity.FilmEntity@407a15a3
2020-04-12 12:01:12 INFO  SecurityServiceImpl:63 - Film was saved. Film details = com.entity.FilmEntity@5a9103e2
2020-04-12 12:01:12 INFO  SecurityServiceImpl:63 - Film was saved. Film details = com.entity.FilmEntity@bc09a46
2020-04-12 12:01:13 INFO  SecurityServiceImpl:63 - Film was saved. Film details = com.entity.FilmEntity@5c46c8ff
2020-04-12 12:01:13 INFO  SecurityServiceImpl:63 - Film was saved. Film details = com.entity.FilmEntity@1ad3b506
2020-04-12 12:01:13 INFO  SecurityServiceImpl:63 - Film was saved. Film details = com.entity.FilmEntity@70c1cf0d
2020-04-12 12:01:26 INFO  SecurityServiceImpl:75 - GetAllPagination Films method was successfully done
2020-04-12 12:01:27 INFO  SecurityServiceImpl:75 - GetAllPagination Films method was successfully done
2020-04-12 12:03:16 INFO  AnnotationConfigWebApplicationContext:984 - Closing WebApplicationContext for namespace 'dispatcher-servlet': startup date [Sun Apr 12 11:58:45 MSK 2020]; parent: Root WebApplicationContext
2020-04-12 12:03:16 INFO  AnnotationConfigWebApplicationContext:984 - Closing Root WebApplicationContext: startup date [Sun Apr 12 11:58:20 MSK 2020]; root of context hierarchy
2020-04-12 12:03:59 INFO  ContextLoader:304 - Root WebApplicationContext: initialization started
2020-04-12 12:03:59 INFO  AnnotationConfigWebApplicationContext:583 - Refreshing Root WebApplicationContext: startup date [Sun Apr 12 12:03:59 MSK 2020]; root of context hierarchy
2020-04-12 12:03:59 INFO  AnnotationConfigWebApplicationContext:207 - Registering annotated classes: [class com.config.HibernateConfig]
2020-04-12 12:04:02 INFO  DriverManagerDataSource:133 - Loaded JDBC driver: com.mysql.jdbc.Driver
2020-04-12 12:04:02 INFO  HibernateConfig:33 - Creating Session Factory is done
2020-04-12 12:04:02 INFO  Version:44 - HHH000412: Hibernate ORM core version 5.4.12.Final
2020-04-12 12:04:02 INFO  Version:49 - HCANN000001: Hibernate Commons Annotations {5.1.0.Final}
2020-04-12 12:04:03 INFO  Dialect:172 - HHH000400: Using dialect: org.hibernate.dialect.MySQL5Dialect
2020-04-12 12:04:04 INFO  JtaPlatformInitiator:52 - HHH000490: Using JtaPlatform implementation: [org.hibernate.engine.transaction.jta.platform.internal.NoJtaPlatform]
2020-04-12 12:04:05 INFO  DefaultSecurityFilterChain:43 - Creating filter chain: org.springframework.security.web.util.matcher.AnyRequestMatcher@1, [org.springframework.security.web.context.request.async.WebAsyncManagerIntegrationFilter@1e1946ed, org.springframework.security.web.context.SecurityContextPersistenceFilter@2f414f1f, org.springframework.security.web.header.HeaderWriterFilter@7e862b3d, org.springframework.security.web.csrf.CsrfFilter@3efe211, org.springframework.security.web.authentication.logout.LogoutFilter@2fae4166, org.springframework.security.web.authentication.UsernamePasswordAuthenticationFilter@19f47df0, org.springframework.security.web.savedrequest.RequestCacheAwareFilter@56d4a645, org.springframework.security.web.servletapi.SecurityContextHolderAwareRequestFilter@706505ac, org.springframework.security.web.authentication.AnonymousAuthenticationFilter@401e1e49, org.springframework.security.web.session.SessionManagementFilter@75ca5978, org.springframework.security.web.access.ExceptionTranslationFilter@1e950773, org.springframework.security.web.access.intercept.FilterSecurityInterceptor@5e2d3167]
2020-04-12 12:04:05 INFO  RequestMappingHandlerMapping:543 - Mapped "{[/admin/getFilmsFromSite],methods=[GET]}" onto public java.lang.String com.controller.AdminController.getReloadPage(java.lang.String,javax.servlet.http.HttpServletRequest) throws java.lang.Exception
2020-04-12 12:04:05 INFO  RequestMappingHandlerMapping:543 - Mapped "{[/admin/delete/{id}],methods=[GET]}" onto public java.lang.String com.controller.AdminController.deleteFilm(int)
2020-04-12 12:04:05 INFO  RequestMappingHandlerMapping:543 - Mapped "{[/favicon.ico]}" onto void com.controller.FaviconController.favicon()
2020-04-12 12:04:05 INFO  RequestMappingHandlerMapping:543 - Mapped "{[/login],methods=[GET]}" onto public java.lang.String com.controller.LoginRegisterController.loginPage(java.lang.String,java.lang.String,org.springframework.ui.Model)
2020-04-12 12:04:05 INFO  RequestMappingHandlerMapping:543 - Mapped "{[/registration],methods=[POST]}" onto public java.lang.String com.controller.LoginRegisterController.registration(com.entity.UserEntity,org.springframework.validation.BindingResult)
2020-04-12 12:04:05 INFO  RequestMappingHandlerMapping:543 - Mapped "{[/registration],methods=[GET]}" onto public java.lang.String com.controller.LoginRegisterController.registration(org.springframework.ui.Model)
2020-04-12 12:04:05 INFO  RequestMappingHandlerMapping:543 - Mapped "{[/forgotPass],methods=[POST]}" onto public java.lang.String com.controller.LoginRegisterController.forgotPass(com.entity.UserEntity)
2020-04-12 12:04:05 INFO  RequestMappingHandlerMapping:543 - Mapped "{[/],methods=[GET]}" onto public java.lang.String com.controller.LoginRegisterController.defaultPage()
2020-04-12 12:04:05 INFO  RequestMappingHandlerMapping:543 - Mapped "{[/admin**],methods=[GET]}" onto public java.lang.String com.controller.LoginRegisterController.adminPage()
2020-04-12 12:04:05 INFO  RequestMappingHandlerMapping:543 - Mapped "{[/forgotPass],methods=[GET]}" onto public java.lang.String com.controller.LoginRegisterController.forgotPassPage(org.springframework.ui.Model)
2020-04-12 12:04:05 INFO  RequestMappingHandlerMapping:543 - Mapped "{[/403],methods=[GET]}" onto public java.lang.String com.controller.LoginRegisterController.accessDenied(org.springframework.ui.Model)
2020-04-12 12:04:05 INFO  RequestMappingHandlerMapping:543 - Mapped "{[/description/{id}],methods=[GET]}" onto public java.lang.String com.controller.MainController.getDescription(int,org.springframework.ui.Model)
2020-04-12 12:04:05 INFO  RequestMappingHandlerMapping:543 - Mapped "{[/getAllFilmsFromStore],methods=[GET]}" onto public java.lang.String com.controller.MainController.getAllFilmsFromStore(org.springframework.ui.Model,int)
2020-04-12 12:04:05 INFO  RequestMappingHandlerAdapter:534 - Looking for @ControllerAdvice: Root WebApplicationContext: startup date [Sun Apr 12 12:03:59 MSK 2020]; root of context hierarchy
2020-04-12 12:04:05 INFO  HibernateTransactionManager:357 - Using DataSource [org.springframework.jdbc.datasource.DriverManagerDataSource@1429bb5e] of Hibernate SessionFactory for HibernateTransactionManager
2020-04-12 12:04:05 INFO  ContextLoader:344 - Root WebApplicationContext: initialization completed in 6157 ms
2020-04-12 12:04:05 INFO  DispatcherServlet:489 - FrameworkServlet 'dispatcher': initialization started
2020-04-12 12:04:05 INFO  AnnotationConfigWebApplicationContext:583 - Refreshing WebApplicationContext for namespace 'dispatcher-servlet': startup date [Sun Apr 12 12:04:05 MSK 2020]; parent: Root WebApplicationContext
2020-04-12 12:04:05 INFO  AnnotationConfigWebApplicationContext:207 - Registering annotated classes: [class com.config.WebConfig]
2020-04-12 12:04:06 INFO  DriverManagerDataSource:133 - Loaded JDBC driver: com.mysql.jdbc.Driver
2020-04-12 12:04:06 INFO  HibernateConfig:33 - Creating Session Factory is done
2020-04-12 12:04:06 INFO  Dialect:172 - HHH000400: Using dialect: org.hibernate.dialect.MySQL5Dialect
2020-04-12 12:04:06 INFO  JtaPlatformInitiator:52 - HHH000490: Using JtaPlatform implementation: [org.hibernate.engine.transaction.jta.platform.internal.NoJtaPlatform]
2020-04-12 12:04:07 INFO  DefaultSecurityFilterChain:43 - Creating filter chain: org.springframework.security.web.util.matcher.AnyRequestMatcher@1, [org.springframework.security.web.context.request.async.WebAsyncManagerIntegrationFilter@6ac6c7e0, org.springframework.security.web.context.SecurityContextPersistenceFilter@2c962655, org.springframework.security.web.header.HeaderWriterFilter@57ecfeaa, org.springframework.security.web.csrf.CsrfFilter@743bfbea, org.springframework.security.web.authentication.logout.LogoutFilter@27ffba56, org.springframework.security.web.authentication.UsernamePasswordAuthenticationFilter@3118a4e9, org.springframework.security.web.savedrequest.RequestCacheAwareFilter@5b0c1c29, org.springframework.security.web.servletapi.SecurityContextHolderAwareRequestFilter@6b25b04c, org.springframework.security.web.authentication.AnonymousAuthenticationFilter@61e3ba6b, org.springframework.security.web.session.SessionManagementFilter@75979ff, org.springframework.security.web.access.ExceptionTranslationFilter@12fca22c, org.springframework.security.web.access.intercept.FilterSecurityInterceptor@1d06624b]
2020-04-12 12:04:07 INFO  HibernateTransactionManager:357 - Using DataSource [org.springframework.jdbc.datasource.DriverManagerDataSource@2f2d662b] of Hibernate SessionFactory for HibernateTransactionManager
2020-04-12 12:04:07 INFO  RequestMappingHandlerMapping:543 - Mapped "{[/admin/getFilmsFromSite],methods=[GET]}" onto public java.lang.String com.controller.AdminController.getReloadPage(java.lang.String,javax.servlet.http.HttpServletRequest) throws java.lang.Exception
2020-04-12 12:04:07 INFO  RequestMappingHandlerMapping:543 - Mapped "{[/admin/delete/{id}],methods=[GET]}" onto public java.lang.String com.controller.AdminController.deleteFilm(int)
2020-04-12 12:04:07 INFO  RequestMappingHandlerMapping:543 - Mapped "{[/favicon.ico]}" onto void com.controller.FaviconController.favicon()
2020-04-12 12:04:07 INFO  RequestMappingHandlerMapping:543 - Mapped "{[/login],methods=[GET]}" onto public java.lang.String com.controller.LoginRegisterController.loginPage(java.lang.String,java.lang.String,org.springframework.ui.Model)
2020-04-12 12:04:07 INFO  RequestMappingHandlerMapping:543 - Mapped "{[/registration],methods=[POST]}" onto public java.lang.String com.controller.LoginRegisterController.registration(com.entity.UserEntity,org.springframework.validation.BindingResult)
2020-04-12 12:04:07 INFO  RequestMappingHandlerMapping:543 - Mapped "{[/registration],methods=[GET]}" onto public java.lang.String com.controller.LoginRegisterController.registration(org.springframework.ui.Model)
2020-04-12 12:04:07 INFO  RequestMappingHandlerMapping:543 - Mapped "{[/forgotPass],methods=[POST]}" onto public java.lang.String com.controller.LoginRegisterController.forgotPass(com.entity.UserEntity)
2020-04-12 12:04:07 INFO  RequestMappingHandlerMapping:543 - Mapped "{[/],methods=[GET]}" onto public java.lang.String com.controller.LoginRegisterController.defaultPage()
2020-04-12 12:04:07 INFO  RequestMappingHandlerMapping:543 - Mapped "{[/admin**],methods=[GET]}" onto public java.lang.String com.controller.LoginRegisterController.adminPage()
2020-04-12 12:04:07 INFO  RequestMappingHandlerMapping:543 - Mapped "{[/forgotPass],methods=[GET]}" onto public java.lang.String com.controller.LoginRegisterController.forgotPassPage(org.springframework.ui.Model)
2020-04-12 12:04:07 INFO  RequestMappingHandlerMapping:543 - Mapped "{[/403],methods=[GET]}" onto public java.lang.String com.controller.LoginRegisterController.accessDenied(org.springframework.ui.Model)
2020-04-12 12:04:07 INFO  RequestMappingHandlerMapping:543 - Mapped "{[/description/{id}],methods=[GET]}" onto public java.lang.String com.controller.MainController.getDescription(int,org.springframework.ui.Model)
2020-04-12 12:04:07 INFO  RequestMappingHandlerMapping:543 - Mapped "{[/getAllFilmsFromStore],methods=[GET]}" onto public java.lang.String com.controller.MainController.getAllFilmsFromStore(org.springframework.ui.Model,int)
2020-04-12 12:04:07 INFO  RequestMappingHandlerAdapter:534 - Looking for @ControllerAdvice: WebApplicationContext for namespace 'dispatcher-servlet': startup date [Sun Apr 12 12:04:05 MSK 2020]; parent: Root WebApplicationContext
2020-04-12 12:04:07 INFO  DispatcherServlet:508 - FrameworkServlet 'dispatcher': initialization completed in 1641 ms
2020-04-12 12:04:20 INFO  SecurityServiceImpl:22 - Film was parsed. Film details = Film{, link='https://kinogo.by/24469-glavnoe-sobytie.html', name='??????? ???????', description='????????????????? ??? ??????? ??????? ????? ?????? WWE. ?? ????????? ?? ?? ?????, ?? ? ????????? ? ????? ??? ????????? ???????. ???????? ?? ????????????? ???????? ? ????????? ???, ??? ?????????? ? ??????????? ???, ??? ???????????? ?????? ????? ??? ??????. ???????? ???????, ??????? ? ?????????? ????????, ??? ???? ?????????? ???????, ?????? ? ????? ???????, ? ?????? ????? ???????????? ?? ????? ?????? ??????????. ??? ???????: 2020 ??????: ???, ??????? ????: ??????, ??????? ????????: WEB-DLRip ???????: ????????????? ?????????????????: 101 ???. / 01:41 ????????: 10 ?????? 2020', year='2020', country=[???, ???????], type=[??????, ???????], quality='WEB-DLRip', translation='?????????????', continuance='101 ???. / 01:41', date='10 ?????? 2020'}
2020-04-12 12:04:20 INFO  SecurityServiceImpl:22 - Film was parsed. Film details = Film{, link='https://kinogo.by/23456-gretel-hansel_2020__08-04.html', name='??????? ? ???????', description='?????-?? ????? ? ????? ??????????? ??????? ???????? ?????????? ??????. ?????? ????? ???, ????? ???, ? ???? ?? ???? ???????? ?? ?????. ??????? ? ??????? - ???? ?????? ? ???? ??? ?????? ??????????? ? ??? ?????? ?????? ? ??????????. ???? ?? ????? ?? ?????? ?????????, ? ???? ????????, ???????????, ??? ??????????? ?????? ??????. ??? ???? ? ??????? ????? ???? ?? ????? ? ????? ??????? ????, ? ??????? ?? ???? ???????. ??? ????? ?????????????, ???? ??????? ???? ??? ?? ???? ????????? ?????? ????? ? ????? ? ??????. ?? ?????????? ??? ???????: 2020 ??????: ????????, ??????, ??? ????: ???????, ????? ????????: WEB-DLRip ? ???????: ????????????? ? ?????????????????: 87 ???. / 01:27 ????????: 30 ?????? 2020', year='2020', country=[????????, ??????, ???], type=[???????, ?????], quality='WEB-DLRip', translation='?????????????', continuance='87 ???. / 01:27', date='30 ?????? 2020'}
2020-04-12 12:04:20 INFO  SecurityServiceImpl:22 - Film was parsed. Film details = Film{, link='https://kinogo.by/23459-led-2.html', name='??? 2', description='??? ? ??????? ? ???? ????????? ???????? ????? ? ??? ????????????? ? ???, ??? ??????? ????? ?????? ? ??????? ??? ????? ????????????? ??????. ????? ??????? ?????????????? ?????? ???????????, ?? ???-???? ??????? ????????? ????? ? ?????????? ? ?????? ???? ???????? ??????????, ????????????? ? ???? ????? ???? ?? ????? ????? ???????????. ??????? ? ????? ??????? ????????? ???????? ? ??????? ??????, ??? ???????? ??????????? ???????? ?? ???. ?? ? ?????? ?? ?? ???? ?????? ?????: ?????????? ??????????? ? ????? ???? ?????? ?? ????? ??? ???????: 2020 ??????: ?????? ????: ?????, ??????????, ????????? ????????: WEB-DLRip ? ???????: ???????? ? ?????????????????: 130 ???. / 02:10 ????????: 14 ??????? 2020', year='2020', country=[??????], type=[?????, ??????????, ?????????], quality='WEB-DLRip', translation='????????', continuance='130 ???. / 02:10', date='14 ??????? 2020'}
2020-04-12 12:04:20 INFO  SecurityServiceImpl:22 - Film was parsed. Film details = Film{, link='https://kinogo.by/23952-onward_2020.html', name='??????', description='??????? ??????????? ????????? ??? ? ???, ?????????? ???????????? ??????????. ????? ??? ??? ????????? ????? ???????????? ??????, ?? ???????? ????????? ? ???????????? ???? ????????? ?????????, ??? ? ???????? ????? ???, ?????, ??????? ? ?????? ???????? ?????? ????? ????? ???????? ?????????. ?????? ????? ?????????? ??????????, ???????? ? ????????, ?? ??????????? ?? ???????? ?????. ????? ?? ? ????? ??????? ???????? ?????? ?????? ????????? ????, ? ??????? ?? ????????? ?? ????? ??????????, ????????? ?? ????? ??????? ??? ? ?????, ??? ???????: 2020 ??????: ??? ????: ??????????? ????????: WEB-DLRip ? ???????: ????????????? ? ?????????????????: 102 ???. / 01:42 ????????: 21 ??????? 2020', year='2020', country=[???], type=[???????????], quality='WEB-DLRip', translation='?????????????', continuance='102 ???. / 01:42', date='21 ??????? 2020'}
2020-04-12 12:04:20 INFO  SecurityServiceImpl:22 - Film was parsed. Film details = Film{, link='https://kinogo.by/23087-the-grudge_2020.html', name='?????????', description='??????? ??????????? ?????? ????????? ?????? ???????????? ???????, ??????? ? ???? ?????????? ???? ??????????? ???????-?????????. ??????? ??????? ????????? ?? ???????? ????, ? ?????? ????????? ???????????? ??????, ????? ?????? ???????????? ????????? ???? ??????? ???? ????????? ?????? ????????. ?????? ???????? ???????? ???????????? ?? ?????? ? ???????? ??????? ? ???? ????????? ??????? ????, ??? ??????????? ???????????? ? ??????????????? ???????. ????? ?????? ???. ????????? ?????????? ???????????? ?? ????????? ?????????????. ??? ???????: 2020 ??????: ??????, ??? ????: ????? ????????: WEB-DLRip ? ???????: ????????????? ? ?????????????????: 93 ???. / 01:33 ????????: 16 ?????? 2020', year='2020', country=[??????, ???], type=[?????], quality='WEB-DLRip', translation='?????????????', continuance='93 ???. / 01:33', date='16 ?????? 2020'}
2020-04-12 12:04:20 INFO  SecurityServiceImpl:22 - Film was parsed. Film details = Film{, link='https://kinogo.by/23095-birds-of-prey_2020.html', name='?????? ?????', description='???????? ??????????????? ?????? ??????? ??????, ??????????? ?? ??????????? ???????? ???????? DC, ?????????? ????? ?? ????? ???????, ?????????? ? ??????? ?????? ??????????. ??????? ???????? ??????, ??????, ???????? ????????, ???????? ?????-???? ???????????? ?? ????????????. ??? ????????? ????????? ???????????? ????????? ?????? ?????????? ??????? ??? ???????? ?????? ? ??????? ?????????????. ??????????????? ?????? ?? ?????? ? ?????????? ????. ???????????? ? ???? ????? ????? ???????? ???????. ?????-?? ??? ???? ???????? ??? ???????: 2020 ??????: ??? ????: ??????, ????????, ??????????? ????????: WEB-DLRip ? ???????: ????????????? ? ?????????????????: 120 ???. / 02:00 ????????: 6 ??????? 2020', year='2020', country=[???], type=[??????, ????????, ???????????], quality='WEB-DLRip', translation='?????????????', continuance='120 ???. / 02:00', date='6 ??????? 2020'}
2020-04-12 12:04:20 INFO  SecurityServiceImpl:22 - Film was parsed. Film details = Film{, link='https://kinogo.by/23872-yaga-koshmar-temnogo-lesa.html', name='???. ?????? ??????? ????', description='? ?????? ?????? - ??????? ?????, ??????? ????????? ? ????? ???????? ?? ??????? ??????. ??????? ??? ??? ????????????? ?????? ???? ?????? ????? ? ???????. ?????? ??????? ???????, ????, ???????????? ? ???????? ????????? ???????, ?? ???????? ??? ?? ?????. ?????? ??????????, ????????????? ????? ??? ??????????, ???? ???????????? - ??? ? ???????. ? ??? ??????? ????, ?????????? ?????, ?? ??????? ??????? ?????? ?? ????, ?? ????????? ??????, ? ???????? ????????? ? ???????? ?????? ? ???? ?? ??????, ??? ? ??? ???? ????. ????? ???? ??? ???????: 2020 ??????: ?????? ????: ????? ????????: WEB-DLRip ? ???????: ???????? ? ?????????????????: 97 ???. / 01:37 ????????: 1 ????? 2020', year='2020', country=[??????], type=[?????], quality='WEB-DLRip', translation='????????', continuance='97 ???. / 01:37', date='1 ????? 2020'}
2020-04-12 12:04:20 INFO  SecurityServiceImpl:22 - Film was parsed. Film details = Film{, link='https://kinogo.by/23680-belgrad.html', name='????? ?????????', description='????, ???????? ???????? ? ?????????, - ?????? ??????????????? ????? ? ????????. ?? ?????, ?? ???? ???, ???? ??????? ?????????? ???????? ?? ?????? ????? - ???????????????! - ???????????? ?????????????-???????. ? ?????? ????? ???????????? ???? ?????????? ???? ???????? ?? ????? ?????. ??????? ???????? ????? ?????????? ? ??????? ? ??????????? ?????????, ????? ???? ????? ????????????? ??????? ?????????? ???????????? ? ?????, ????? ??????? ???????. ? ??????????? ????????? ???????? ?????? ??????? ????? ???? ?????? ????????? ??? ???????: 2020 ??????: ?????? ????: ??????? ????????: WEB-DLRip ? ???????: ???????? ? ?????????????????: 87 ???. / 01:27 ????????: 5 ????? 2020', year='2020', country=[??????], type=[???????], quality='WEB-DLRip', translation='????????', continuance='87 ???. / 01:27', date='5 ????? 2020'}
2020-04-12 12:04:20 INFO  SecurityServiceImpl:22 - Film was parsed. Film details = Film{, link='https://kinogo.by/23123-the-gentlemen_2020.html', name='???????????', description='??????? ????? ?????? ????????????? ???????????? ??????????? ? ??????? ??????????? ??????, ??????? ?????????? ????? ? ????????. ?? ????????? ? ????? ??????? ?????????? ???????? ? ???????. ???????? ????? ????????????? ????????? ???? ???????? ??? ????????? ????? ? ??????????. ??????? ??????? ???????????????????, ????????? ? ???????????????? ?? ??? ??????, ??? ?????? ??????? ????????? ?????????????? ?????????? ? ????? ??? ???? ????? ????? ?? ???. ????? ???? ??????????? ?????????? ????? ????????? ??????? ????? ??? ?????? ??? ???????: 2020 ??????: ??? ????: ??????, ????????, ??????? ????????: WEB-DLRip ? ???????: ????????????? ? ?????????????????: 113 ???. / 01:53 ????????: 1 ?????? 2020', year='2020', country=[???], type=[??????, ????????, ???????], quality='WEB-DLRip', translation='?????????????', continuance='113 ???. / 01:53', date='1 ?????? 2020'}
2020-04-12 12:04:20 INFO  SecurityServiceImpl:22 - Film was parsed. Film details = Film{, link='https://kinogo.by/23220-bloodshot_2020.html', name='???????', description='??????? ????????? ??? ???????? ???????? ???? ????? ???????? ??????????? ??????. ?? ????? ???????? ???? ????? ??????? ???????, ??? ??????? ???????? ?????? ? ??????? ???????????. ????? ??????? ??????? ???? ??? ????? ??????? ????, ??????? ????????? ???????? ??? ? ??????? ? ???????. ???????? ??, ?????? ?????????, ?? ??????? ????????? ??????????? ???????, ??????? ? ?????? ????????? ???????? ???????? ????????????? ????????? ?????????. ???????? ????? ??????? ???????????? ? ??? ? ??????? ?????, ?? ??????????? ?? ?????? ??? ???????: 2020 ??????: ??? ????: ??????, ??????????, ????? ????????: WEB-DLRip ? ???????: ????????????? ? ?????????????????: 120 ???. / 02:00 ????????: 19 ??????? 2020', year='2020', country=[???], type=[??????, ??????????, ?????], quality='WEB-DLRip', translation='?????????????', continuance='120 ???. / 02:00', date='19 ??????? 2020'}
2020-04-12 12:04:20 INFO  SecurityServiceImpl:22 - Film was parsed. Film details = Film{, link='https://kinogo.by/23794-the-call-of-the-wild_2020.html', name='??? ???????', description='??????????? ???????????????? ?????? ????? ??????? ? ?????? ??? ????, ???????? ?? ????????? ?????????? ? ?????????? ??????. ???????? ?????? "???? ???????" ??? ??? ? ???? ?????? ???????? ??????? ????? ?????? ?? ????????? ?? ??????. ??? ?????????? ??????? ? ??????? ???????? ?????? ? ???????? ? ????????? ???????????? ???????????. ???????, ?????????? ? ?????? ???????, ??????????????? ?? ??????? ??????? ????????? ? 1880-?. ??????? ????? ? ?? ??? ???? ???????????, ??? ??????? ??? ????? ???????????? ? ??? ?? ??????. ?????? ? ??? ???????: 2020 ??????: ??? ????: ?????, ??????????? ????????: WEB-DLRip ? ???????: ????????????? ? ?????????????????: 100 ???. / 01:40 ????????: 19 ??????? 2020', year='2020', country=[???], type=[?????, ???????????], quality='WEB-DLRip', translation='?????????????', continuance='100 ???. / 01:40', date='19 ??????? 2020'}
2020-04-12 12:04:20 INFO  SecurityServiceImpl:22 - Film was parsed. Film details = Film{, link='https://kinogo.by/23184-underwater_2020.html', name='??? ?????', description='??????? ?????? ??????????? ?? ????????? ??????? ???? ??? ???????? ???? ???????? ??????. ??? ???? ????????? ??? ????? ?? ??????? ?????????? ?????????? ? ?? ?????? ?????????? ?? ????. ? ??????? ?????? ??????? ?????? ????? ????? ???????. ???????, ??? ??? ????? ?? ?????? ???? ??????, ???? ??? ??????? ????????, ??????? ?????????????. ????? ????? ?????? ?? ??????????, ? ???????????? ??????? - ???? ??????. ?? ????? ?????? ?????? ?? ????? ???? ???? ?????????? ? ??????? ??? ?????? ???????. ????? ????????? ?????? ? ???? ????????, ??? ???????: 2020 ??????: ??? ????: ??????, ????? ????????: WEB-DLRip ? ???????: ????????????? ? ?????????????????: 95 ???. / 01:35 ????????: 7 ?????? 2020', year='2020', country=[???], type=[??????, ?????], quality='WEB-DLRip', translation='?????????????', continuance='95 ???. / 01:35', date='7 ?????? 2020'}
2020-04-12 12:04:20 INFO  SecurityServiceImpl:63 - Film was saved. Film details = com.entity.FilmEntity@84090d0
2020-04-12 12:04:20 INFO  SecurityServiceImpl:63 - Film was saved. Film details = com.entity.FilmEntity@56027b54
2020-04-12 12:04:20 INFO  SecurityServiceImpl:63 - Film was saved. Film details = com.entity.FilmEntity@1df1c881
2020-04-12 12:04:20 INFO  SecurityServiceImpl:63 - Film was saved. Film details = com.entity.FilmEntity@3bcb46b5
2020-04-12 12:04:20 INFO  SecurityServiceImpl:63 - Film was saved. Film details = com.entity.FilmEntity@2c58d50b
2020-04-12 12:04:20 INFO  SecurityServiceImpl:63 - Film was saved. Film details = com.entity.FilmEntity@165770a0
2020-04-12 12:04:20 INFO  SecurityServiceImpl:63 - Film was saved. Film details = com.entity.FilmEntity@22bdeddb
2020-04-12 12:04:20 INFO  SecurityServiceImpl:63 - Film was saved. Film details = com.entity.FilmEntity@e1917a9
2020-04-12 12:04:20 INFO  SecurityServiceImpl:63 - Film was saved. Film details = com.entity.FilmEntity@1134d13d
2020-04-12 12:04:20 INFO  SecurityServiceImpl:63 - Film was saved. Film details = com.entity.FilmEntity@69fe267b
2020-04-12 12:04:20 INFO  SecurityServiceImpl:63 - Film was saved. Film details = com.entity.FilmEntity@53beda3
2020-04-12 12:04:20 INFO  SecurityServiceImpl:63 - Film was saved. Film details = com.entity.FilmEntity@6ffbabe1
2020-04-12 12:04:30 INFO  SecurityServiceImpl:75 - GetAllPagination Films method was successfully done
2020-04-12 12:05:12 INFO  AnnotationConfigWebApplicationContext:984 - Closing WebApplicationContext for namespace 'dispatcher-servlet': startup date [Sun Apr 12 12:04:05 MSK 2020]; parent: Root WebApplicationContext
2020-04-12 12:05:12 INFO  AnnotationConfigWebApplicationContext:984 - Closing Root WebApplicationContext: startup date [Sun Apr 12 12:03:59 MSK 2020]; root of context hierarchy
2020-04-12 12:05:29 INFO  ContextLoader:304 - Root WebApplicationContext: initialization started
2020-04-12 12:05:29 INFO  AnnotationConfigWebApplicationContext:583 - Refreshing Root WebApplicationContext: startup date [Sun Apr 12 12:05:29 MSK 2020]; root of context hierarchy
2020-04-12 12:05:29 INFO  AnnotationConfigWebApplicationContext:207 - Registering annotated classes: [class com.config.HibernateConfig]
2020-04-12 12:05:32 INFO  DriverManagerDataSource:133 - Loaded JDBC driver: com.mysql.jdbc.Driver
2020-04-12 12:05:32 INFO  HibernateConfig:33 - Creating Session Factory is done
2020-04-12 12:05:33 INFO  Version:44 - HHH000412: Hibernate ORM core version 5.4.12.Final
2020-04-12 12:05:33 INFO  Version:49 - HCANN000001: Hibernate Commons Annotations {5.1.0.Final}
2020-04-12 12:05:35 INFO  Dialect:172 - HHH000400: Using dialect: org.hibernate.dialect.MySQL5Dialect
2020-04-12 12:05:36 INFO  JtaPlatformInitiator:52 - HHH000490: Using JtaPlatform implementation: [org.hibernate.engine.transaction.jta.platform.internal.NoJtaPlatform]
2020-04-12 12:05:46 INFO  DefaultSecurityFilterChain:43 - Creating filter chain: org.springframework.security.web.util.matcher.AnyRequestMatcher@1, [org.springframework.security.web.context.request.async.WebAsyncManagerIntegrationFilter@25531612, org.springframework.security.web.context.SecurityContextPersistenceFilter@33c5be94, org.springframework.security.web.header.HeaderWriterFilter@27f80952, org.springframework.security.web.csrf.CsrfFilter@44032c67, org.springframework.security.web.authentication.logout.LogoutFilter@426a1f0e, org.springframework.security.web.authentication.UsernamePasswordAuthenticationFilter@1cf1a5cf, org.springframework.security.web.savedrequest.RequestCacheAwareFilter@5cef1f2f, org.springframework.security.web.servletapi.SecurityContextHolderAwareRequestFilter@198da271, org.springframework.security.web.authentication.AnonymousAuthenticationFilter@610469ca, org.springframework.security.web.session.SessionManagementFilter@45d40151, org.springframework.security.web.access.ExceptionTranslationFilter@11ea2ca2, org.springframework.security.web.access.intercept.FilterSecurityInterceptor@2a4ab1e1]
2020-04-12 12:05:49 INFO  RequestMappingHandlerMapping:543 - Mapped "{[/admin/getFilmsFromSite],methods=[GET]}" onto public java.lang.String com.controller.AdminController.getReloadPage(java.lang.String,javax.servlet.http.HttpServletRequest) throws java.lang.Exception
2020-04-12 12:05:49 INFO  RequestMappingHandlerMapping:543 - Mapped "{[/admin/delete/{id}],methods=[GET]}" onto public java.lang.String com.controller.AdminController.deleteFilm(int)
2020-04-12 12:05:49 INFO  RequestMappingHandlerMapping:543 - Mapped "{[/favicon.ico]}" onto void com.controller.FaviconController.favicon()
2020-04-12 12:05:49 INFO  RequestMappingHandlerMapping:543 - Mapped "{[/login],methods=[GET]}" onto public java.lang.String com.controller.LoginRegisterController.loginPage(java.lang.String,java.lang.String,org.springframework.ui.Model)
2020-04-12 12:05:49 INFO  RequestMappingHandlerMapping:543 - Mapped "{[/registration],methods=[POST]}" onto public java.lang.String com.controller.LoginRegisterController.registration(com.entity.UserEntity,org.springframework.validation.BindingResult)
2020-04-12 12:05:49 INFO  RequestMappingHandlerMapping:543 - Mapped "{[/registration],methods=[GET]}" onto public java.lang.String com.controller.LoginRegisterController.registration(org.springframework.ui.Model)
2020-04-12 12:05:49 INFO  RequestMappingHandlerMapping:543 - Mapped "{[/forgotPass],methods=[POST]}" onto public java.lang.String com.controller.LoginRegisterController.forgotPass(com.entity.UserEntity)
2020-04-12 12:05:49 INFO  RequestMappingHandlerMapping:543 - Mapped "{[/],methods=[GET]}" onto public java.lang.String com.controller.LoginRegisterController.defaultPage()
2020-04-12 12:05:49 INFO  RequestMappingHandlerMapping:543 - Mapped "{[/admin**],methods=[GET]}" onto public java.lang.String com.controller.LoginRegisterController.adminPage()
2020-04-12 12:05:49 INFO  RequestMappingHandlerMapping:543 - Mapped "{[/forgotPass],methods=[GET]}" onto public java.lang.String com.controller.LoginRegisterController.forgotPassPage(org.springframework.ui.Model)
2020-04-12 12:05:49 INFO  RequestMappingHandlerMapping:543 - Mapped "{[/403],methods=[GET]}" onto public java.lang.String com.controller.LoginRegisterController.accessDenied(org.springframework.ui.Model)
2020-04-12 12:05:49 INFO  RequestMappingHandlerMapping:543 - Mapped "{[/description/{id}],methods=[GET]}" onto public java.lang.String com.controller.MainController.getDescription(int,org.springframework.ui.Model)
2020-04-12 12:05:49 INFO  RequestMappingHandlerMapping:543 - Mapped "{[/getAllFilmsFromStore],methods=[GET]}" onto public java.lang.String com.controller.MainController.getAllFilmsFromStore(org.springframework.ui.Model,int)
2020-04-12 12:05:51 INFO  RequestMappingHandlerAdapter:534 - Looking for @ControllerAdvice: Root WebApplicationContext: startup date [Sun Apr 12 12:05:29 MSK 2020]; root of context hierarchy
2020-04-12 12:05:55 INFO  HibernateTransactionManager:357 - Using DataSource [org.springframework.jdbc.datasource.DriverManagerDataSource@2bdc3a52] of Hibernate SessionFactory for HibernateTransactionManager
2020-04-12 12:05:56 INFO  ContextLoader:344 - Root WebApplicationContext: initialization completed in 26732 ms
2020-04-12 12:05:56 INFO  DispatcherServlet:489 - FrameworkServlet 'dispatcher': initialization started
2020-04-12 12:05:56 INFO  AnnotationConfigWebApplicationContext:583 - Refreshing WebApplicationContext for namespace 'dispatcher-servlet': startup date [Sun Apr 12 12:05:56 MSK 2020]; parent: Root WebApplicationContext
2020-04-12 12:05:56 INFO  AnnotationConfigWebApplicationContext:207 - Registering annotated classes: [class com.config.WebConfig]
2020-04-12 12:06:23 INFO  DriverManagerDataSource:133 - Loaded JDBC driver: com.mysql.jdbc.Driver
2020-04-12 12:06:23 INFO  HibernateConfig:33 - Creating Session Factory is done
2020-04-12 12:06:24 INFO  Dialect:172 - HHH000400: Using dialect: org.hibernate.dialect.MySQL5Dialect
2020-04-12 12:06:26 INFO  JtaPlatformInitiator:52 - HHH000490: Using JtaPlatform implementation: [org.hibernate.engine.transaction.jta.platform.internal.NoJtaPlatform]
2020-04-12 12:06:28 INFO  DefaultSecurityFilterChain:43 - Creating filter chain: org.springframework.security.web.util.matcher.AnyRequestMatcher@1, [org.springframework.security.web.context.request.async.WebAsyncManagerIntegrationFilter@295900f5, org.springframework.security.web.context.SecurityContextPersistenceFilter@189301c3, org.springframework.security.web.header.HeaderWriterFilter@7681fdbd, org.springframework.security.web.csrf.CsrfFilter@1179cedf, org.springframework.security.web.authentication.logout.LogoutFilter@27d0fc99, org.springframework.security.web.authentication.UsernamePasswordAuthenticationFilter@1980f0a1, org.springframework.security.web.savedrequest.RequestCacheAwareFilter@37daf92f, org.springframework.security.web.servletapi.SecurityContextHolderAwareRequestFilter@4ecf967c, org.springframework.security.web.authentication.AnonymousAuthenticationFilter@5b9bd5ad, org.springframework.security.web.session.SessionManagementFilter@171fcd39, org.springframework.security.web.access.ExceptionTranslationFilter@67c905e3, org.springframework.security.web.access.intercept.FilterSecurityInterceptor@5564e610]
2020-04-12 12:06:28 INFO  HibernateTransactionManager:357 - Using DataSource [org.springframework.jdbc.datasource.DriverManagerDataSource@5619f47f] of Hibernate SessionFactory for HibernateTransactionManager
2020-04-12 12:06:28 INFO  RequestMappingHandlerMapping:543 - Mapped "{[/admin/getFilmsFromSite],methods=[GET]}" onto public java.lang.String com.controller.AdminController.getReloadPage(java.lang.String,javax.servlet.http.HttpServletRequest) throws java.lang.Exception
2020-04-12 12:06:28 INFO  RequestMappingHandlerMapping:543 - Mapped "{[/admin/delete/{id}],methods=[GET]}" onto public java.lang.String com.controller.AdminController.deleteFilm(int)
2020-04-12 12:06:28 INFO  RequestMappingHandlerMapping:543 - Mapped "{[/favicon.ico]}" onto void com.controller.FaviconController.favicon()
2020-04-12 12:06:28 INFO  RequestMappingHandlerMapping:543 - Mapped "{[/login],methods=[GET]}" onto public java.lang.String com.controller.LoginRegisterController.loginPage(java.lang.String,java.lang.String,org.springframework.ui.Model)
2020-04-12 12:06:28 INFO  RequestMappingHandlerMapping:543 - Mapped "{[/registration],methods=[POST]}" onto public java.lang.String com.controller.LoginRegisterController.registration(com.entity.UserEntity,org.springframework.validation.BindingResult)
2020-04-12 12:06:28 INFO  RequestMappingHandlerMapping:543 - Mapped "{[/registration],methods=[GET]}" onto public java.lang.String com.controller.LoginRegisterController.registration(org.springframework.ui.Model)
2020-04-12 12:06:28 INFO  RequestMappingHandlerMapping:543 - Mapped "{[/forgotPass],methods=[POST]}" onto public java.lang.String com.controller.LoginRegisterController.forgotPass(com.entity.UserEntity)
2020-04-12 12:06:28 INFO  RequestMappingHandlerMapping:543 - Mapped "{[/],methods=[GET]}" onto public java.lang.String com.controller.LoginRegisterController.defaultPage()
2020-04-12 12:06:28 INFO  RequestMappingHandlerMapping:543 - Mapped "{[/admin**],methods=[GET]}" onto public java.lang.String com.controller.LoginRegisterController.adminPage()
2020-04-12 12:06:28 INFO  RequestMappingHandlerMapping:543 - Mapped "{[/forgotPass],methods=[GET]}" onto public java.lang.String com.controller.LoginRegisterController.forgotPassPage(org.springframework.ui.Model)
2020-04-12 12:06:28 INFO  RequestMappingHandlerMapping:543 - Mapped "{[/403],methods=[GET]}" onto public java.lang.String com.controller.LoginRegisterController.accessDenied(org.springframework.ui.Model)
2020-04-12 12:06:28 INFO  RequestMappingHandlerMapping:543 - Mapped "{[/description/{id}],methods=[GET]}" onto public java.lang.String com.controller.MainController.getDescription(int,org.springframework.ui.Model)
2020-04-12 12:06:28 INFO  RequestMappingHandlerMapping:543 - Mapped "{[/getAllFilmsFromStore],methods=[GET]}" onto public java.lang.String com.controller.MainController.getAllFilmsFromStore(org.springframework.ui.Model,int)
2020-04-12 12:06:29 INFO  RequestMappingHandlerAdapter:534 - Looking for @ControllerAdvice: WebApplicationContext for namespace 'dispatcher-servlet': startup date [Sun Apr 12 12:05:56 MSK 2020]; parent: Root WebApplicationContext
2020-04-12 12:06:31 INFO  DispatcherServlet:508 - FrameworkServlet 'dispatcher': initialization completed in 34914 ms
2020-04-12 12:07:37 INFO  SecurityServiceImpl:22 - Film was parsed. Film details = Film{, link='https://kinogo.by/24469-glavnoe-sobytie.html', name='??????? ???????', description='????????????????? ??? ??????? ??????? ????? ?????? WWE. ?? ????????? ?? ?? ?????, ?? ? ????????? ? ????? ??? ????????? ???????. ???????? ?? ????????????? ???????? ? ????????? ???, ??? ?????????? ? ??????????? ???, ??? ???????????? ?????? ????? ??? ??????. ???????? ???????, ??????? ? ?????????? ????????, ??? ???? ?????????? ???????, ?????? ? ????? ???????, ? ?????? ????? ???????????? ?? ????? ?????? ??????????. ??? ???????: 2020 ??????: ???, ??????? ????: ??????, ??????? ????????: WEB-DLRip ???????: ????????????? ?????????????????: 101 ???. / 01:41 ????????: 10 ?????? 2020', year='2020', country=[???, ???????], type=[??????, ???????], quality='WEB-DLRip', translation='?????????????', continuance='101 ???. / 01:41', date='10 ?????? 2020'}
2020-04-12 12:07:37 INFO  SecurityServiceImpl:22 - Film was parsed. Film details = Film{, link='https://kinogo.by/23456-gretel-hansel_2020__08-04.html', name='??????? ? ???????', description='?????-?? ????? ? ????? ??????????? ??????? ???????? ?????????? ??????. ?????? ????? ???, ????? ???, ? ???? ?? ???? ???????? ?? ?????. ??????? ? ??????? - ???? ?????? ? ???? ??? ?????? ??????????? ? ??? ?????? ?????? ? ??????????. ???? ?? ????? ?? ?????? ?????????, ? ???? ????????, ???????????, ??? ??????????? ?????? ??????. ??? ???? ? ??????? ????? ???? ?? ????? ? ????? ??????? ????, ? ??????? ?? ???? ???????. ??? ????? ?????????????, ???? ??????? ???? ??? ?? ???? ????????? ?????? ????? ? ????? ? ??????. ?? ?????????? ??? ???????: 2020 ??????: ????????, ??????, ??? ????: ???????, ????? ????????: WEB-DLRip ? ???????: ????????????? ? ?????????????????: 87 ???. / 01:27 ????????: 30 ?????? 2020', year='2020', country=[????????, ??????, ???], type=[???????, ?????], quality='WEB-DLRip', translation='?????????????', continuance='87 ???. / 01:27', date='30 ?????? 2020'}
2020-04-12 12:07:37 INFO  SecurityServiceImpl:22 - Film was parsed. Film details = Film{, link='https://kinogo.by/23459-led-2.html', name='??? 2', description='??? ? ??????? ? ???? ????????? ???????? ????? ? ??? ????????????? ? ???, ??? ??????? ????? ?????? ? ??????? ??? ????? ????????????? ??????. ????? ??????? ?????????????? ?????? ???????????, ?? ???-???? ??????? ????????? ????? ? ?????????? ? ?????? ???? ???????? ??????????, ????????????? ? ???? ????? ???? ?? ????? ????? ???????????. ??????? ? ????? ??????? ????????? ???????? ? ??????? ??????, ??? ???????? ??????????? ???????? ?? ???. ?? ? ?????? ?? ?? ???? ?????? ?????: ?????????? ??????????? ? ????? ???? ?????? ?? ????? ??? ???????: 2020 ??????: ?????? ????: ?????, ??????????, ????????? ????????: WEB-DLRip ? ???????: ???????? ? ?????????????????: 130 ???. / 02:10 ????????: 14 ??????? 2020', year='2020', country=[??????], type=[?????, ??????????, ?????????], quality='WEB-DLRip', translation='????????', continuance='130 ???. / 02:10', date='14 ??????? 2020'}
2020-04-12 12:07:38 INFO  SecurityServiceImpl:22 - Film was parsed. Film details = Film{, link='https://kinogo.by/23952-onward_2020.html', name='??????', description='??????? ??????????? ????????? ??? ? ???, ?????????? ???????????? ??????????. ????? ??? ??? ????????? ????? ???????????? ??????, ?? ???????? ????????? ? ???????????? ???? ????????? ?????????, ??? ? ???????? ????? ???, ?????, ??????? ? ?????? ???????? ?????? ????? ????? ???????? ?????????. ?????? ????? ?????????? ??????????, ???????? ? ????????, ?? ??????????? ?? ???????? ?????. ????? ?? ? ????? ??????? ???????? ?????? ?????? ????????? ????, ? ??????? ?? ????????? ?? ????? ??????????, ????????? ?? ????? ??????? ??? ? ?????, ??? ???????: 2020 ??????: ??? ????: ??????????? ????????: WEB-DLRip ? ???????: ????????????? ? ?????????????????: 102 ???. / 01:42 ????????: 21 ??????? 2020', year='2020', country=[???], type=[???????????], quality='WEB-DLRip', translation='?????????????', continuance='102 ???. / 01:42', date='21 ??????? 2020'}
2020-04-12 12:07:38 INFO  SecurityServiceImpl:22 - Film was parsed. Film details = Film{, link='https://kinogo.by/23087-the-grudge_2020.html', name='?????????', description='??????? ??????????? ?????? ????????? ?????? ???????????? ???????, ??????? ? ???? ?????????? ???? ??????????? ???????-?????????. ??????? ??????? ????????? ?? ???????? ????, ? ?????? ????????? ???????????? ??????, ????? ?????? ???????????? ????????? ???? ??????? ???? ????????? ?????? ????????. ?????? ???????? ???????? ???????????? ?? ?????? ? ???????? ??????? ? ???? ????????? ??????? ????, ??? ??????????? ???????????? ? ??????????????? ???????. ????? ?????? ???. ????????? ?????????? ???????????? ?? ????????? ?????????????. ??? ???????: 2020 ??????: ??????, ??? ????: ????? ????????: WEB-DLRip ? ???????: ????????????? ? ?????????????????: 93 ???. / 01:33 ????????: 16 ?????? 2020', year='2020', country=[??????, ???], type=[?????], quality='WEB-DLRip', translation='?????????????', continuance='93 ???. / 01:33', date='16 ?????? 2020'}
2020-04-12 12:07:38 INFO  SecurityServiceImpl:22 - Film was parsed. Film details = Film{, link='https://kinogo.by/23095-birds-of-prey_2020.html', name='?????? ?????', description='???????? ??????????????? ?????? ??????? ??????, ??????????? ?? ??????????? ???????? ???????? DC, ?????????? ????? ?? ????? ???????, ?????????? ? ??????? ?????? ??????????. ??????? ???????? ??????, ??????, ???????? ????????, ???????? ?????-???? ???????????? ?? ????????????. ??? ????????? ????????? ???????????? ????????? ?????? ?????????? ??????? ??? ???????? ?????? ? ??????? ?????????????. ??????????????? ?????? ?? ?????? ? ?????????? ????. ???????????? ? ???? ????? ????? ???????? ???????. ?????-?? ??? ???? ???????? ??? ???????: 2020 ??????: ??? ????: ??????, ????????, ??????????? ????????: WEB-DLRip ? ???????: ????????????? ? ?????????????????: 120 ???. / 02:00 ????????: 6 ??????? 2020', year='2020', country=[???], type=[??????, ????????, ???????????], quality='WEB-DLRip', translation='?????????????', continuance='120 ???. / 02:00', date='6 ??????? 2020'}
2020-04-12 12:07:38 INFO  SecurityServiceImpl:22 - Film was parsed. Film details = Film{, link='https://kinogo.by/23872-yaga-koshmar-temnogo-lesa.html', name='???. ?????? ??????? ????', description='? ?????? ?????? - ??????? ?????, ??????? ????????? ? ????? ???????? ?? ??????? ??????. ??????? ??? ??? ????????????? ?????? ???? ?????? ????? ? ???????. ?????? ??????? ???????, ????, ???????????? ? ???????? ????????? ???????, ?? ???????? ??? ?? ?????. ?????? ??????????, ????????????? ????? ??? ??????????, ???? ???????????? - ??? ? ???????. ? ??? ??????? ????, ?????????? ?????, ?? ??????? ??????? ?????? ?? ????, ?? ????????? ??????, ? ???????? ????????? ? ???????? ?????? ? ???? ?? ??????, ??? ? ??? ???? ????. ????? ???? ??? ???????: 2020 ??????: ?????? ????: ????? ????????: WEB-DLRip ? ???????: ???????? ? ?????????????????: 97 ???. / 01:37 ????????: 1 ????? 2020', year='2020', country=[??????], type=[?????], quality='WEB-DLRip', translation='????????', continuance='97 ???. / 01:37', date='1 ????? 2020'}
2020-04-12 12:07:38 INFO  SecurityServiceImpl:22 - Film was parsed. Film details = Film{, link='https://kinogo.by/23680-belgrad.html', name='????? ?????????', description='????, ???????? ???????? ? ?????????, - ?????? ??????????????? ????? ? ????????. ?? ?????, ?? ???? ???, ???? ??????? ?????????? ???????? ?? ?????? ????? - ???????????????! - ???????????? ?????????????-???????. ? ?????? ????? ???????????? ???? ?????????? ???? ???????? ?? ????? ?????. ??????? ???????? ????? ?????????? ? ??????? ? ??????????? ?????????, ????? ???? ????? ????????????? ??????? ?????????? ???????????? ? ?????, ????? ??????? ???????. ? ??????????? ????????? ???????? ?????? ??????? ????? ???? ?????? ????????? ??? ???????: 2020 ??????: ?????? ????: ??????? ????????: WEB-DLRip ? ???????: ???????? ? ?????????????????: 87 ???. / 01:27 ????????: 5 ????? 2020', year='2020', country=[??????], type=[???????], quality='WEB-DLRip', translation='????????', continuance='87 ???. / 01:27', date='5 ????? 2020'}
2020-04-12 12:07:38 INFO  SecurityServiceImpl:22 - Film was parsed. Film details = Film{, link='https://kinogo.by/23123-the-gentlemen_2020.html', name='???????????', description='??????? ????? ?????? ????????????? ???????????? ??????????? ? ??????? ??????????? ??????, ??????? ?????????? ????? ? ????????. ?? ????????? ? ????? ??????? ?????????? ???????? ? ???????. ???????? ????? ????????????? ????????? ???? ???????? ??? ????????? ????? ? ??????????. ??????? ??????? ???????????????????, ????????? ? ???????????????? ?? ??? ??????, ??? ?????? ??????? ????????? ?????????????? ?????????? ? ????? ??? ???? ????? ????? ?? ???. ????? ???? ??????????? ?????????? ????? ????????? ??????? ????? ??? ?????? ??? ???????: 2020 ??????: ??? ????: ??????, ????????, ??????? ????????: WEB-DLRip ? ???????: ????????????? ? ?????????????????: 113 ???. / 01:53 ????????: 1 ?????? 2020', year='2020', country=[???], type=[??????, ????????, ???????], quality='WEB-DLRip', translation='?????????????', continuance='113 ???. / 01:53', date='1 ?????? 2020'}
2020-04-12 12:07:38 INFO  SecurityServiceImpl:22 - Film was parsed. Film details = Film{, link='https://kinogo.by/23220-bloodshot_2020.html', name='???????', description='??????? ????????? ??? ???????? ???????? ???? ????? ???????? ??????????? ??????. ?? ????? ???????? ???? ????? ??????? ???????, ??? ??????? ???????? ?????? ? ??????? ???????????. ????? ??????? ??????? ???? ??? ????? ??????? ????, ??????? ????????? ???????? ??? ? ??????? ? ???????. ???????? ??, ?????? ?????????, ?? ??????? ????????? ??????????? ???????, ??????? ? ?????? ????????? ???????? ???????? ????????????? ????????? ?????????. ???????? ????? ??????? ???????????? ? ??? ? ??????? ?????, ?? ??????????? ?? ?????? ??? ???????: 2020 ??????: ??? ????: ??????, ??????????, ????? ????????: WEB-DLRip ? ???????: ????????????? ? ?????????????????: 120 ???. / 02:00 ????????: 19 ??????? 2020', year='2020', country=[???], type=[??????, ??????????, ?????], quality='WEB-DLRip', translation='?????????????', continuance='120 ???. / 02:00', date='19 ??????? 2020'}
2020-04-12 12:07:38 INFO  SecurityServiceImpl:22 - Film was parsed. Film details = Film{, link='https://kinogo.by/23794-the-call-of-the-wild_2020.html', name='??? ???????', description='??????????? ???????????????? ?????? ????? ??????? ? ?????? ??? ????, ???????? ?? ????????? ?????????? ? ?????????? ??????. ???????? ?????? "???? ???????" ??? ??? ? ???? ?????? ???????? ??????? ????? ?????? ?? ????????? ?? ??????. ??? ?????????? ??????? ? ??????? ???????? ?????? ? ???????? ? ????????? ???????????? ???????????. ???????, ?????????? ? ?????? ???????, ??????????????? ?? ??????? ??????? ????????? ? 1880-?. ??????? ????? ? ?? ??? ???? ???????????, ??? ??????? ??? ????? ???????????? ? ??? ?? ??????. ?????? ? ??? ???????: 2020 ??????: ??? ????: ?????, ??????????? ????????: WEB-DLRip ? ???????: ????????????? ? ?????????????????: 100 ???. / 01:40 ????????: 19 ??????? 2020', year='2020', country=[???], type=[?????, ???????????], quality='WEB-DLRip', translation='?????????????', continuance='100 ???. / 01:40', date='19 ??????? 2020'}
2020-04-12 12:07:38 INFO  SecurityServiceImpl:22 - Film was parsed. Film details = Film{, link='https://kinogo.by/23184-underwater_2020.html', name='??? ?????', description='??????? ?????? ??????????? ?? ????????? ??????? ???? ??? ???????? ???? ???????? ??????. ??? ???? ????????? ??? ????? ?? ??????? ?????????? ?????????? ? ?? ?????? ?????????? ?? ????. ? ??????? ?????? ??????? ?????? ????? ????? ???????. ???????, ??? ??? ????? ?? ?????? ???? ??????, ???? ??? ??????? ????????, ??????? ?????????????. ????? ????? ?????? ?? ??????????, ? ???????????? ??????? - ???? ??????. ?? ????? ?????? ?????? ?? ????? ???? ???? ?????????? ? ??????? ??? ?????? ???????. ????? ????????? ?????? ? ???? ????????, ??? ???????: 2020 ??????: ??? ????: ??????, ????? ????????: WEB-DLRip ? ???????: ????????????? ? ?????????????????: 95 ???. / 01:35 ????????: 7 ?????? 2020', year='2020', country=[???], type=[??????, ?????], quality='WEB-DLRip', translation='?????????????', continuance='95 ???. / 01:35', date='7 ?????? 2020'}
2020-04-12 12:07:44 INFO  SecurityServiceImpl:63 - Film was saved. Film details = com.entity.FilmEntity@9dca85a
2020-04-12 12:07:45 INFO  SecurityServiceImpl:63 - Film was saved. Film details = com.entity.FilmEntity@6a63ff8b
2020-04-12 12:07:45 INFO  SecurityServiceImpl:63 - Film was saved. Film details = com.entity.FilmEntity@6f76f1a
2020-04-12 12:07:45 INFO  SecurityServiceImpl:63 - Film was saved. Film details = com.entity.FilmEntity@6c1a5d70
2020-04-12 12:07:46 INFO  SecurityServiceImpl:63 - Film was saved. Film details = com.entity.FilmEntity@694e4d87
2020-04-12 12:07:46 INFO  SecurityServiceImpl:63 - Film was saved. Film details = com.entity.FilmEntity@292b3f2e
2020-04-12 12:07:46 INFO  SecurityServiceImpl:63 - Film was saved. Film details = com.entity.FilmEntity@77803605
2020-04-12 12:07:47 INFO  SecurityServiceImpl:63 - Film was saved. Film details = com.entity.FilmEntity@4a339782
2020-04-12 12:07:47 INFO  SecurityServiceImpl:63 - Film was saved. Film details = com.entity.FilmEntity@755eba61
2020-04-12 12:07:47 INFO  SecurityServiceImpl:63 - Film was saved. Film details = com.entity.FilmEntity@63807e29
2020-04-12 12:07:48 INFO  SecurityServiceImpl:63 - Film was saved. Film details = com.entity.FilmEntity@117c129b
2020-04-12 12:07:48 INFO  SecurityServiceImpl:63 - Film was saved. Film details = com.entity.FilmEntity@59ce7da2
2020-04-12 12:07:56 INFO  SecurityServiceImpl:75 - GetAllPagination Films method was successfully done
2020-04-12 12:08:17 INFO  SecurityServiceImpl:75 - GetAllPagination Films method was successfully done
2020-04-12 12:08:19 INFO  SecurityServiceImpl:75 - GetAllPagination Films method was successfully done
2020-04-12 12:08:22 INFO  SecurityServiceImpl:75 - GetAllPagination Films method was successfully done
2020-04-12 12:08:24 INFO  SecurityServiceImpl:75 - GetAllPagination Films method was successfully done
2020-04-12 12:08:28 INFO  SecurityServiceImpl:75 - GetAllPagination Films method was successfully done
2020-04-12 12:08:30 INFO  SecurityServiceImpl:75 - GetAllPagination Films method was successfully done
2020-04-12 12:10:45 INFO  AnnotationConfigWebApplicationContext:984 - Closing WebApplicationContext for namespace 'dispatcher-servlet': startup date [Sun Apr 12 12:05:56 MSK 2020]; parent: Root WebApplicationContext
2020-04-12 12:10:45 INFO  AnnotationConfigWebApplicationContext:984 - Closing Root WebApplicationContext: startup date [Sun Apr 12 12:05:29 MSK 2020]; root of context hierarchy
